==============================================================
File generated by Vivado(TM) HLS - High-Level Synthesis from C, C++ and SystemC
Version: 2015.2
Copyright (C) 2015 Xilinx Inc. All rights reserved.

==============================================================

@I [SYN-201] Setting up clock 'default' with a period of 10ns.
@I [LIC-101] Checked out feature [VIVADO_HLS]
@I [HLS-10] Setting target device to 'xc7z020clg484-1'
@I [IMPL-8] Exporting RTL as an IP in IP-XACT.
command 'ap_source' returned error code
    while executing
"source D:/vivado_hls/Le_7/solution1/export.tcl"
    invoked from within
"hls::main D:/vivado_hls/Le_7/solution1/export.tcl"
    ("uplevel" body line 1)
    invoked from within
"uplevel 1 hls::main {*}$args"
    (procedure "hls_proc" line 5)
    invoked from within
"hls_proc $argv"
@I [LIC-101] Checked in feature [VIVADO_HLS]
