

================================================================
== Vivado HLS Report for 'dateport_DS2_layer'
================================================================
* Date:           Tue May 09 23:55:09 2017

* Version:        2015.2 (Build 1266856 on Fri Jun 26 16:57:37 PM 2015)
* Project:        final_le
* Solution:       solution1
* Product family: zynq
* Target device:  xc7z020clg484-1


================================================================
== Performance Estimates
================================================================
+ Timing (ns): 
    * Summary: 
    +--------+-------+----------+------------+
    |  Clock | Target| Estimated| Uncertainty|
    +--------+-------+----------+------------+
    |ap_clk  |  10.00|     14.51|        1.25|
    +--------+-------+----------+------------+

+ Latency (clock cycles): 
    * Summary: 
    +---------+---------+---------+---------+---------+
    |      Latency      |      Interval     | Pipeline|
    |   min   |   max   |   min   |   max   |   Type  |
    +---------+---------+---------+---------+---------+
    |  2079830|  2079830|  2079830|  2079830|   none  |
    +---------+---------+---------+---------+---------+

    + Detail: 
        * Instance: 
        N/A

        * Loop: 
        +--------------------------+---------+---------+----------+-----------+-----------+-------+----------+
        |                          |      Latency      | Iteration|  Initiation Interval  |  Trip |          |
        |         Loop Name        |   min   |   max   |  Latency |  achieved |   target  | Count | Pipelined|
        +--------------------------+---------+---------+----------+-----------+-----------+-------+----------+
        |- Loop 1                  |     1356|     1356|       226|          -|          -|      6|    no    |
        | + Loop 1.1               |      224|      224|        16|          -|          -|     14|    no    |
        |  ++ Loop 1.1.1           |       14|       14|         1|          -|          -|     14|    no    |
        |- Loop 2                  |     5792|     5792|       362|          -|          -|     16|    no    |
        | + Loop 2.1               |      360|      360|        20|          -|          -|     18|    no    |
        |  ++ Loop 2.1.1           |       18|       18|         1|          -|          -|     18|    no    |
        |- Loop 3                  |     2912|     2912|       182|          -|          -|     16|    no    |
        | + Loop 3.1               |      180|      180|        20|          -|          -|      9|    no    |
        |  ++ Loop 3.1.1           |       18|       18|         2|          -|          -|      9|    no    |
        |- L_L_L_DS2_layer_label4  |  2069765|  2069765|        28|         22|          1|  94080|    yes   |
        +--------------------------+---------+---------+----------+-----------+-----------+-------+----------+



================================================================
== Utilization Estimates
================================================================
* Summary: 
+-----------------+---------+-------+--------+-------+
|       Name      | BRAM_18K| DSP48E|   FF   |  LUT  |
+-----------------+---------+-------+--------+-------+
|Expression       |        -|      -|       0|   1009|
|FIFO             |        -|      -|       -|      -|
|Instance         |        -|      5|     348|    711|
|Memory           |       16|      -|       0|      0|
|Multiplexer      |        -|      -|       -|    490|
|Register         |        -|      -|    1012|      -|
+-----------------+---------+-------+--------+-------+
|Total            |       16|      5|    1360|   2210|
+-----------------+---------+-------+--------+-------+
|Available        |      280|    220|  106400|  53200|
+-----------------+---------+-------+--------+-------+
|Utilization (%)  |        5|      2|       1|      4|
+-----------------+---------+-------+--------+-------+

+ Detail: 
    * Instance: 
    +-------------------------------------------+---------------------------------------+---------+-------+-----+-----+
    |                  Instance                 |                 Module                | BRAM_18K| DSP48E|  FF | LUT |
    +-------------------------------------------+---------------------------------------+---------+-------+-----+-----+
    |dateport_fadd_32ns_32ns_32_5_full_dsp_U64  |dateport_fadd_32ns_32ns_32_5_full_dsp  |        0|      2|  205|  390|
    |dateport_fmul_32ns_32ns_32_4_max_dsp_U65   |dateport_fmul_32ns_32ns_32_4_max_dsp   |        0|      3|  143|  321|
    +-------------------------------------------+---------------------------------------+---------+-------+-----+-----+
    |Total                                      |                                       |        0|      5|  348|  711|
    +-------------------------------------------+---------------------------------------+---------+-------+-----+-----+

    * Memory: 
    +--------+-------------------------+---------+---+----+------+-----+------+-------------+
    | Memory |          Module         | BRAM_18K| FF| LUT| Words| Bits| Banks| W*Bits*Banks|
    +--------+-------------------------+---------+---+----+------+-----+------+-------------+
    |tmp1_U  |dateport_DS2_layer_tmp1  |       16|  0|   0|  5184|   32|     1|       165888|
    +--------+-------------------------+---------+---+----+------+-----+------+-------------+
    |Total   |                         |       16|  0|   0|  5184|   32|     1|       165888|
    +--------+-------------------------+---------+---+----+------+-----+------+-------------+

    * FIFO: 
    N/A

    * Expression: 
    +---------------------------------------+----------+-------+---+----+------------+------------+
    |             Variable Name             | Operation| DSP48E| FF| LUT| Bitwidth P0| Bitwidth P1|
    +---------------------------------------+----------+-------+---+----+------------+------------+
    |C3_d_addr4_fu_781_p2                   |     +    |      0|  0|   9|           9|           9|
    |C3_d_addr5_fu_821_p2                   |     +    |      0|  0|   9|           9|           9|
    |C3_d_addr6_fu_850_p2                   |     +    |      0|  0|  32|          32|          32|
    |C3_d_addr7_fu_911_p2                   |     +    |      0|  0|  32|          32|          32|
    |C3_mapData_addr10_fu_1476_p2           |     +    |      0|  0|  32|           1|          32|
    |C3_mapData_addr11_fu_1521_p2           |     +    |      0|  0|  32|           2|          32|
    |C3_mapData_addr12_fu_1545_p2           |     +    |      0|  0|  32|           2|          32|
    |C3_mapData_addr13_fu_1568_p2           |     +    |      0|  0|  32|           3|          32|
    |C3_mapData_addr6_fu_1259_p2            |     +    |      0|  0|  10|          10|          10|
    |C3_mapData_addr7_fu_1285_p2            |     +    |      0|  0|   4|          32|          32|
    |C3_mapData_addr8_fu_1291_p2            |     +    |      0|  0|   4|          32|          32|
    |C3_mapData_addr9_fu_1369_p2            |     +    |      0|  0|  32|          32|          32|
    |S2_d_addr2_fu_561_p2                   |     +    |      0|  0|   9|           9|           9|
    |S2_d_addr4_fu_612_p2                   |     +    |      0|  0|  32|          32|          32|
    |S2_d_addr6_fu_1414_p2                  |     +    |      0|  0|   9|           9|           9|
    |S2_d_addr8_fu_1450_p2                  |     +    |      0|  0|   4|          32|          32|
    |i_14_fu_505_p2                         |     +    |      0|  0|   3|           3|           1|
    |i_15_fu_628_p2                         |     +    |      0|  0|   5|           5|           1|
    |i_16_fu_747_p2                         |     +    |      0|  0|   5|           5|           1|
    |i_s_fu_1092_p2                         |     +    |      0|  0|   3|           1|           3|
    |indvar_flatten13_op_fu_1064_p2         |     +    |      0|  0|  11|           1|          11|
    |indvar_flatten33_op_fu_1078_p2         |     +    |      0|  0|  15|           1|          15|
    |indvar_flatten_next8_fu_952_p2         |     +    |      0|  0|  17|          17|           1|
    |indvar_flatten_op_fu_1303_p2           |     +    |      0|  0|   7|           1|           7|
    |j_12_fu_1014_p2                        |     +    |      0|  0|   5|           1|           5|
    |k_11_fu_1112_p2                        |     +    |      0|  0|   4|           1|           4|
    |m_3_fu_1150_p2                         |     +    |      0|  0|   4|           1|           4|
    |p_4_fu_551_p2                          |     +    |      0|  0|   4|           4|           1|
    |p_5_fu_670_p2                          |     +    |      0|  0|   5|           5|           1|
    |p_6_fu_936_p2                          |     +    |      0|  0|   4|           4|           1|
    |p_7_fu_1297_p2                         |     +    |      0|  0|   3|           1|           3|
    |p_addr10_fu_1535_p2                    |     +    |      0|  0|  32|          32|          32|
    |p_addr11_fu_1559_p2                    |     +    |      0|  0|  32|          32|          32|
    |p_addr12_fu_860_p2                     |     +    |      0|  0|  10|          10|          10|
    |p_addr13_fu_889_p2                     |     +    |      0|  0|  32|          32|          32|
    |p_addr14_fu_731_p2                     |     +    |      0|  0|  32|          32|          32|
    |p_addr15_fu_925_p2                     |     +    |      0|  0|  32|          32|          32|
    |p_addr1_fu_799_p2                      |     +    |      0|  0|  10|          10|          10|
    |p_addr2_fu_680_p2                      |     +    |      0|  0|  10|          10|          10|
    |p_addr3_fu_709_p2                      |     +    |      0|  0|  32|          32|          32|
    |p_addr4_fu_1222_p2                     |     +    |      0|  0|   4|          10|          10|
    |p_addr5_fu_1228_p2                     |     +    |      0|  0|   4|          10|          10|
    |p_addr6_fu_1347_p2                     |     +    |      0|  0|  32|          32|          32|
    |p_addr7_fu_1353_p2                     |     +    |      0|  0|  32|          32|          32|
    |p_addr8_fu_1465_p2                     |     +    |      0|  0|  32|          32|          32|
    |p_addr9_fu_1511_p2                     |     +    |      0|  0|  32|          32|          32|
    |p_addr_fu_658_p2                       |     +    |      0|  0|  10|          10|          10|
    |q_3_fu_602_p2                          |     +    |      0|  0|   4|           4|           1|
    |q_4_fu_721_p2                          |     +    |      0|  0|   5|           5|           1|
    |q_5_fu_930_p2                          |     +    |      0|  0|   4|           4|           1|
    |tmp_170_1_fu_1317_p2                   |     +    |      0|  0|   4|           1|           4|
    |tmp_170_2_fu_1490_p2                   |     +    |      0|  0|   4|           2|           4|
    |tmp_170_3_fu_1495_p2                   |     +    |      0|  0|   5|           2|           5|
    |tmp_170_4_fu_1501_p2                   |     +    |      0|  0|   5|           3|           5|
    |tmp_75_fu_811_p2                       |     +    |      0|  0|   4|           4|           3|
    |tmp_76_fu_901_p2                       |     +    |      0|  0|   4|           4|           3|
    |tmp_s_fu_1186_p2                       |     +    |      0|  0|   5|           5|           5|
    |C3_mapData_addr5_fu_1249_p2            |     -    |      0|  0|   9|           9|           9|
    |S2_d_addr1_fu_535_p2                   |     -    |      0|  0|   8|           8|           8|
    |S2_d_addr3_fu_590_p2                   |     -    |      0|  0|  32|          32|          32|
    |S2_d_addr5_fu_1404_p2                  |     -    |      0|  0|   8|           8|           8|
    |S2_d_addr7_fu_1444_p2                  |     -    |      0|  0|   4|          32|          32|
    |i_3_mid2_fu_1098_p3                    |  Select  |      0|  0|   3|           1|           3|
    |indvar_flatten_next6_fu_1070_p3        |  Select  |      0|  0|  11|           1|           1|
    |indvar_flatten_next7_fu_1084_p3        |  Select  |      0|  0|  15|           1|           1|
    |indvar_flatten_next_fu_1309_p3         |  Select  |      0|  0|   7|           1|           1|
    |j_mid2_fu_1050_p3                      |  Select  |      0|  0|   5|           1|           5|
    |j_mid_fu_964_p3                        |  Select  |      0|  0|   5|           1|           1|
    |k_mid2_fu_1139_p3                      |  Select  |      0|  0|   4|           1|           4|
    |k_mid_fu_1105_p3                       |  Select  |      0|  0|   4|           1|           1|
    |m_mid2_fu_1174_p3                      |  Select  |      0|  0|   4|           1|           4|
    |m_mid3_fu_1127_p3                      |  Select  |      0|  0|   4|           1|           1|
    |p_3_mid2_fu_1166_p3                    |  Select  |      0|  0|   3|           1|           1|
    |exitcond1_mid1_fu_1038_p2              |    and   |      0|  0|   1|           1|           1|
    |exitcond1_mid2_fu_1135_p2              |    and   |      0|  0|   1|           1|           1|
    |exitcond1_mid_fu_984_p2                |    and   |      0|  0|   1|           1|           1|
    |exitcond_flatten15_mid_fu_1008_p2      |    and   |      0|  0|   1|           1|           1|
    |exitcond_flatten_mid2_fu_1044_p2       |    and   |      0|  0|   1|           1|           1|
    |exitcond_flatten_mid_fu_996_p2         |    and   |      0|  0|   1|           1|           1|
    |exitcond10_fu_664_p2                   |   icmp   |      0|  0|   2|           5|           5|
    |exitcond11_fu_545_p2                   |   icmp   |      0|  0|   2|           4|           3|
    |exitcond12_fu_596_p2                   |   icmp   |      0|  0|   2|           4|           3|
    |exitcond13_fu_978_p2                   |   icmp   |      0|  0|   2|           3|           3|
    |exitcond5_fu_622_p2                    |   icmp   |      0|  0|   3|           5|           6|
    |exitcond6_fu_895_p2                    |   icmp   |      0|  0|   2|           4|           4|
    |exitcond7_fu_805_p2                    |   icmp   |      0|  0|   2|           4|           4|
    |exitcond8_fu_741_p2                    |   icmp   |      0|  0|   3|           5|           6|
    |exitcond9_fu_715_p2                    |   icmp   |      0|  0|   2|           5|           5|
    |exitcond_flatten3_fu_990_p2            |   icmp   |      0|  0|   3|           7|           7|
    |exitcond_flatten4_fu_1002_p2           |   icmp   |      0|  0|   4|          11|          10|
    |exitcond_flatten8_fu_946_p2            |   icmp   |      0|  0|   6|          17|          17|
    |exitcond_flatten_fu_958_p2             |   icmp   |      0|  0|   6|          15|          14|
    |exitcond_fu_499_p2                     |   icmp   |      0|  0|   2|           3|           3|
    |not_exitcond_flatten15_mid_fu_1032_p2  |    or    |      0|  0|   1|           1|           1|
    |tmp_100_fu_1161_p2                     |    or    |      0|  0|   1|           1|           1|
    |tmp_122_fu_1020_p2                     |    or    |      0|  0|   1|           1|           1|
    |tmp_123_fu_1118_p2                     |    or    |      0|  0|   1|           1|           1|
    |tmp_124_fu_1156_p2                     |    or    |      0|  0|   1|           1|           1|
    |tmp_99_fu_1122_p2                      |    or    |      0|  0|   1|           1|           1|
    |exitcond_flatten15_not_fu_1026_p2      |    xor   |      0|  0|   2|           1|           2|
    |not_exitcond_flatten_fu_972_p2         |    xor   |      0|  0|   2|           1|           2|
    |not_exitcond_flatten_mid_fu_1058_p2    |    xor   |      0|  0|   2|           1|           2|
    +---------------------------------------+----------+-------+---+----+------------+------------+
    |Total                                  |          |      0|  0|1009|         950|        1089|
    +---------------------------------------+----------+-------+---+----+------------+------------+

    * Multiplexer: 
    +-------------------------------+----+-----------+-----+-----------+
    |              Name             | LUT| Input Size| Bits| Total Bits|
    +-------------------------------+----+-----------+-----+-----------+
    |C3_mapData_address0            |  12|          4|   12|         48|
    |C3_mapData_address1            |  12|          3|   12|         36|
    |S2_d_address0                  |  11|          4|   11|         44|
    |S2_d_d0                        |  32|          3|   32|         96|
    |ap_NS_fsm                      |  60|         35|    1|         35|
    |grp_fu_481_p0                  |  32|          3|   32|         96|
    |grp_fu_481_p1                  |  32|          6|   32|        192|
    |grp_fu_488_p0                  |  32|          6|   32|        192|
    |grp_fu_488_p1                  |  32|          6|   32|        192|
    |i_1_reg_310                    |   5|          2|    5|         10|
    |i_2_reg_343                    |   5|          2|    5|         10|
    |i_3_phi_fu_392_p4              |   3|          2|    3|          6|
    |i_3_reg_388                    |   3|          2|    3|          6|
    |i_reg_277                      |   3|          2|    3|          6|
    |indvar_flatten6_phi_fu_381_p4  |  17|          2|   17|         34|
    |indvar_flatten6_reg_377        |  17|          2|   17|         34|
    |indvar_flatten7_phi_fu_404_p4  |  15|          2|   15|         30|
    |indvar_flatten7_reg_400        |  15|          2|   15|         30|
    |indvar_flatten8_phi_fu_426_p4  |  11|          2|   11|         22|
    |indvar_flatten8_reg_422        |  11|          2|   11|         22|
    |indvar_flatten_phi_fu_449_p4   |   7|          2|    7|         14|
    |indvar_flatten_reg_445         |   7|          2|    7|         14|
    |j_phi_fu_415_p4                |   5|          2|    5|         10|
    |j_reg_411                      |   5|          2|    5|         10|
    |k_phi_fu_437_p4                |   4|          2|    4|          8|
    |k_reg_433                      |   4|          2|    4|          8|
    |m_phi_fu_461_p4                |   4|          2|    4|          8|
    |m_reg_457                      |   4|          2|    4|          8|
    |p_1_reg_321                    |   5|          2|    5|         10|
    |p_2_reg_354                    |   4|          2|    4|          8|
    |p_3_phi_fu_473_p4              |   3|          2|    3|          6|
    |p_3_reg_469                    |   3|          2|    3|          6|
    |p_reg_288                      |   4|          2|    4|          8|
    |q_1_reg_332                    |   5|          2|    5|         10|
    |q_2_reg_366                    |   4|          2|    4|          8|
    |q_reg_299                      |   4|          2|    4|          8|
    |tmp1_address0                  |  13|          5|   13|         65|
    |tmp1_address1                  |  13|          4|   13|         52|
    |tmp1_d0                        |  32|          3|   32|         96|
    +-------------------------------+----+-----------+-----+-----------+
    |Total                          | 490|        136|  431|       1498|
    +-------------------------------+----+-----------+-----+-----------+

    * Register: 
    +-------------------------------------------------+----+----+-----+-----------+
    |                       Name                      | FF | LUT| Bits| Const Bits|
    +-------------------------------------------------+----+----+-----+-----------+
    |C3_d_addr4_reg_1655                              |   8|   0|    9|          1|
    |C3_d_addr6_reg_1668                              |  31|   0|   32|          1|
    |C3_mapData_addr8_reg_1790                        |  32|   0|   32|          0|
    |C3_mapData_addr9_reg_1818                        |  32|   0|   32|          0|
    |C3_mapData_load_1_reg_1860                       |  32|   0|   32|          0|
    |C3_mapData_load_2_reg_1895                       |  32|   0|   32|          0|
    |C3_mapData_load_3_reg_1905                       |  32|   0|   32|          0|
    |C3_mapData_load_4_reg_1925                       |  32|   0|   32|          0|
    |S2_d_addr1_cast_reg_1586                         |   8|   0|    9|          1|
    |S2_d_addr3_reg_1599                              |  31|   0|   32|          1|
    |S2_d_addr_1_reg_1830                             |  11|   0|   11|          0|
    |ap_CS_fsm                                        |  34|   0|   34|          0|
    |ap_reg_ppiten_pp0_it0                            |   1|   0|    1|          0|
    |ap_reg_ppiten_pp0_it1                            |   1|   0|    1|          0|
    |ap_reg_ppstg_S2_d_addr_1_reg_1830_pp0_it1        |  11|   0|   11|          0|
    |ap_reg_ppstg_exitcond_flatten8_reg_1701_pp0_it1  |   1|   0|    1|          0|
    |empty_48_reg_1855                                |  32|   0|   32|          0|
    |empty_49_reg_1890                                |  32|   0|   32|          0|
    |empty_50_reg_1900                                |  32|   0|   32|          0|
    |empty_51_reg_1920                                |  32|   0|   32|          0|
    |exitcond1_mid1_reg_1727                          |   1|   0|    1|          0|
    |exitcond_flatten15_mid_reg_1716                  |   1|   0|    1|          0|
    |exitcond_flatten8_reg_1701                       |   1|   0|    1|          0|
    |exitcond_flatten_mid2_reg_1732                   |   1|   0|    1|          0|
    |exitcond_flatten_reg_1710                        |   1|   0|    1|          0|
    |i_14_reg_1581                                    |   3|   0|    3|          0|
    |i_15_reg_1615                                    |   5|   0|    5|          0|
    |i_16_reg_1650                                    |   5|   0|    5|          0|
    |i_1_reg_310                                      |   5|   0|    5|          0|
    |i_2_reg_343                                      |   5|   0|    5|          0|
    |i_3_mid2_reg_1762                                |   3|   0|    3|          0|
    |i_3_reg_388                                      |   3|   0|    3|          0|
    |i_reg_277                                        |   3|   0|    3|          0|
    |indvar_flatten6_reg_377                          |  17|   0|   17|          0|
    |indvar_flatten7_reg_400                          |  15|   0|   15|          0|
    |indvar_flatten8_reg_422                          |  11|   0|   11|          0|
    |indvar_flatten_next6_reg_1752                    |  11|   0|   11|          0|
    |indvar_flatten_next7_reg_1757                    |  15|   0|   15|          0|
    |indvar_flatten_next8_reg_1705                    |  17|   0|   17|          0|
    |indvar_flatten_next_reg_1801                     |   7|   0|    7|          0|
    |indvar_flatten_reg_445                           |   7|   0|    7|          0|
    |j_mid2_reg_1739                                  |   5|   0|    5|          0|
    |j_reg_411                                        |   5|   0|    5|          0|
    |k_mid2_reg_1769                                  |   4|   0|    4|          0|
    |k_reg_433                                        |   4|   0|    4|          0|
    |m_mid2_reg_1775                                  |   4|   0|    4|          0|
    |m_reg_457                                        |   4|   0|    4|          0|
    |not_exitcond_flatten_mid_reg_1747                |   1|   0|    1|          0|
    |p_1_reg_321                                      |   5|   0|    5|          0|
    |p_2_reg_354                                      |   4|   0|    4|          0|
    |p_3_reg_469                                      |   3|   0|    3|          0|
    |p_4_reg_1594                                     |   4|   0|    4|          0|
    |p_5_reg_1628                                     |   5|   0|    5|          0|
    |p_7_reg_1796                                     |   3|   0|    3|          0|
    |p_addr11_reg_1885                                |  32|   0|   32|          0|
    |p_addr13_reg_1673                                |  31|   0|   32|          1|
    |p_addr15_reg_1686                                |  32|   0|   32|          0|
    |p_addr1_reg_1660                                 |   9|   0|   10|          1|
    |p_addr3_reg_1633                                 |  31|   0|   32|          1|
    |p_addr5_reg_1784                                 |  10|   0|   10|          0|
    |p_addr6_reg_1806                                 |  31|   0|   32|          1|
    |p_addr_reg_1620                                  |   9|   0|   10|          1|
    |p_reg_288                                        |   4|   0|    4|          0|
    |q_1_reg_332                                      |   5|   0|    5|          0|
    |q_2_reg_366                                      |   4|   0|    4|          0|
    |q_5_reg_1691                                     |   4|   0|    4|          0|
    |q_reg_299                                        |   4|   0|    4|          0|
    |tmp_122_reg_1721                                 |   1|   0|    1|          0|
    |tmp_173_1_reg_1940                               |  32|   0|   32|          0|
    |tmp_173_2_reg_1945                               |  32|   0|   32|          0|
    |tmp_173_3_reg_1950                               |  32|   0|   32|          0|
    |tmp_173_4_reg_1955                               |  32|   0|   32|          0|
    |tmp_73_reg_1930                                  |  32|   0|   32|          0|
    +-------------------------------------------------+----+----+-----+-----------+
    |Total                                            |1012|   0| 1021|          9|
    +-------------------------------------------------+----+----+-----+-----------+



================================================================
== Interface
================================================================
* Summary: 
+---------------------+-----+-----+------------+--------------------+--------------+
|      RTL Ports      | Dir | Bits|  Protocol  |    Source Object   |    C Type    |
+---------------------+-----+-----+------------+--------------------+--------------+
|ap_clk               |  in |    1| ap_ctrl_hs | dateport_DS2_layer | return value |
|ap_rst               |  in |    1| ap_ctrl_hs | dateport_DS2_layer | return value |
|ap_start             |  in |    1| ap_ctrl_hs | dateport_DS2_layer | return value |
|ap_done              | out |    1| ap_ctrl_hs | dateport_DS2_layer | return value |
|ap_idle              | out |    1| ap_ctrl_hs | dateport_DS2_layer | return value |
|ap_ready             | out |    1| ap_ctrl_hs | dateport_DS2_layer | return value |
|S2_d_address0        | out |   11|  ap_memory |        S2_d        |     array    |
|S2_d_ce0             | out |    1|  ap_memory |        S2_d        |     array    |
|S2_d_we0             | out |    1|  ap_memory |        S2_d        |     array    |
|S2_d_d0              | out |   32|  ap_memory |        S2_d        |     array    |
|S2_d_q0              |  in |   32|  ap_memory |        S2_d        |     array    |
|C3_d_address0        | out |   11|  ap_memory |        C3_d        |     array    |
|C3_d_ce0             | out |    1|  ap_memory |        C3_d        |     array    |
|C3_d_q0              |  in |   32|  ap_memory |        C3_d        |     array    |
|C3_mapData_address0  | out |   12|  ap_memory |     C3_mapData     |     array    |
|C3_mapData_ce0       | out |    1|  ap_memory |     C3_mapData     |     array    |
|C3_mapData_q0        |  in |   32|  ap_memory |     C3_mapData     |     array    |
|C3_mapData_address1  | out |   12|  ap_memory |     C3_mapData     |     array    |
|C3_mapData_ce1       | out |    1|  ap_memory |     C3_mapData     |     array    |
|C3_mapData_q1        |  in |   32|  ap_memory |     C3_mapData     |     array    |
+---------------------+-----+-----+------------+--------------------+--------------+

