@I [HLS-0] Workspace D:/vivado_hls/Le_7/solution1 opened at Tue May 09 23:36:14 +0800 2017
@I [HLS-100] Command "config_clock -quiet -name default -period 10 -default=false "
@I [SYN-201] Setting up clock 'default' with a period of 10ns.
@I [HLS-100] Command 'config_clock' returned 0; elapsed 0Total elapsed time: 1.548 sec.
@I [HLS-100] Command "open_platform DefaultPlatform "
@I [HLS-100] Command 'open_platform' returned 0; elapsed 0Total elapsed time: 1.550 sec.
@I [HLS-100] Command "import_lib C:/Xilinx/Vivado_HLS/2015.2/common/technology/xilinx/zynq/zynq "
@I [HLS-100] Command "source C:/Xilinx/Vivado_HLS/2015.2/common/technology/xilinx/common/xilinx.lib "
@I [HLS-100] Command "source C:/Xilinx/Vivado_HLS/2015.2/common/technology/xilinx/interface/xilinx_interface.lib "
@I [HLS-100] Command "source C:/Xilinx/Vivado_HLS/2015.2/common/technology/xilinx/interface/plb46.lib "
@I [HLS-100] Command 'ap_source' returned 0; elapsed 0Total elapsed time: 1.554 sec.
@I [HLS-100] Command "source C:/Xilinx/Vivado_HLS/2015.2/common/technology/xilinx/interface/fsl.lib "
@I [HLS-100] Command 'ap_source' returned 0; elapsed 0.001Total elapsed time: 1.555 sec.
@I [HLS-100] Command "source C:/Xilinx/Vivado_HLS/2015.2/common/technology/xilinx/interface/axi4.lib "
@I [HLS-100] Command 'ap_source' returned 0; elapsed 0.001Total elapsed time: 1.556 sec.
@I [HLS-100] Command "source C:/Xilinx/Vivado_HLS/2015.2/common/technology/xilinx/interface/maxi.lib "
@I [HLS-100] Command 'ap_source' returned 0; elapsed 0.001Total elapsed time: 1.557 sec.
@I [HLS-100] Command "source C:/Xilinx/Vivado_HLS/2015.2/common/technology/xilinx/interface/saxilite.lib "
@I [HLS-100] Command 'ap_source' returned 0; elapsed 0Total elapsed time: 1.557 sec.
@I [HLS-100] Command 'ap_source' returned 0; elapsed 0.004Total elapsed time: 1.557 sec.
@I [HLS-100] Command "source C:/Xilinx/Vivado_HLS/2015.2/common/technology/xilinx/common/dsp48.lib "
@I [HLS-100] Command 'ap_source' returned 0; elapsed 0.001Total elapsed time: 1.558 sec.
@I [HLS-100] Command "source C:/Xilinx/Vivado_HLS/2015.2/common/technology/xilinx/ip/dds_compiler.lib "
@I [HLS-100] Command 'ap_source' returned 0; elapsed 0Total elapsed time: 1.560 sec.
@I [HLS-100] Command "source C:/Xilinx/Vivado_HLS/2015.2/common/technology/xilinx/ip/xfft.lib "
@I [HLS-100] Command 'ap_source' returned 0; elapsed 0.001Total elapsed time: 1.561 sec.
@I [HLS-100] Command "source C:/Xilinx/Vivado_HLS/2015.2/common/technology/xilinx/ip/xfir.lib "
@I [HLS-100] Command 'ap_source' returned 0; elapsed 0Total elapsed time: 1.561 sec.
@I [HLS-100] Command 'ap_source' returned 0; elapsed 0.011Total elapsed time: 1.562 sec.
@I [HLS-100] Command "source C:/Xilinx/Vivado_HLS/2015.2/common/technology/xilinx/common/xilinx_old.lib "
@I [HLS-100] Command 'ap_source' returned 0; elapsed 0.002Total elapsed time: 1.565 sec.
@I [HLS-100] Command "source C:/Xilinx/Vivado_HLS/2015.2/common/technology/xilinx/common/xilinx_vivado.lib "
@I [HLS-100] Command 'ap_source' returned 0; elapsed 0Total elapsed time: 1.565 sec.
@I [HLS-100] Command "source C:/Xilinx/Vivado_HLS/2015.2/common/technology/xilinx/common/xilinx.hlp "
@I [HLS-100] Command "source C:/Xilinx/Vivado_HLS/2015.2/common/technology/xilinx/common/target_info.tcl "
@I [HLS-100] Command 'ap_source' returned 0; elapsed 0.002Total elapsed time: 1.573 sec.
@I [HLS-100] Command "source C:/Xilinx/Vivado_HLS/2015.2/common/technology/xilinx/interface/xilinx_interface.hlp "
@I [HLS-100] Command "source C:/Xilinx/Vivado_HLS/2015.2/common/technology/xilinx/interface/maxi.hlp "
@I [HLS-100] Command 'ap_source' returned 0; elapsed 0.001Total elapsed time: 1.574 sec.
@I [HLS-100] Command "source C:/Xilinx/Vivado_HLS/2015.2/common/technology/xilinx/interface/saxilite.hlp "
@I [HLS-100] Command 'ap_source' returned 0; elapsed 0.001Total elapsed time: 1.575 sec.
@I [HLS-100] Command 'ap_source' returned 0; elapsed 0.002Total elapsed time: 1.575 sec.
@I [HLS-100] Command "source C:/Xilinx/Vivado_HLS/2015.2/common/technology/xilinx/common/dsp48.hlp "
@I [HLS-100] Command 'ap_source' returned 0; elapsed 0.002Total elapsed time: 1.577 sec.
@I [HLS-100] Command 'ap_source' returned 0; elapsed 0.008Total elapsed time: 1.577 sec.
@I [HLS-100] Command "source C:/Xilinx/Vivado_HLS/2015.2/common/technology/xilinx/zynq/dsp48e1.hlp "
@I [HLS-100] Command 'ap_source' returned 0; elapsed 0.001Total elapsed time: 1.578 sec.
@I [HLS-100] Command "get_default_platform "
@I [HLS-100] Command 'get_default_platform' returned 0; elapsed 0Total elapsed time: 1.578 sec.
@I [HLS-100] Command "config_chip_info -quiet -resource  {SLICE 13300}  {LUT 53200}     {FF 106400} {DSP48E 220}   {BRAM 280}  "
@I [HLS-100] Command 'config_chip_info' returned 0; elapsed 0Total elapsed time: 1.578 sec.
@I [HLS-100] Command "config_chip_info -quiet -speed medium "
@I [HLS-100] Command 'config_chip_info' returned 0; elapsed 0Total elapsed time: 1.578 sec.
@I [HLS-100] Command 'import_lib' returned 0; elapsed 0.029Total elapsed time: 1.579 sec.
@I [HLS-100] Command "source C:/Xilinx/Vivado_HLS/2015.2/common/technology/xilinx/zynq/zynq.gen "
@I [HLS-100] Command "source C:/Xilinx/Vivado_HLS/2015.2/common/technology/xilinx/common/virtex.gen "
@I [HLS-100] Command "source C:/Xilinx/Vivado_HLS/2015.2/common/technology/xilinx/common/xilinx.gen "
@I [HLS-100] Command "source C:/Xilinx/Vivado_HLS/2015.2/common/technology/xilinx/interface/plb46.gen "
@I [HLS-100] Command 'ap_source' returned 0; elapsed 0.002Total elapsed time: 1.584 sec.
@I [HLS-100] Command "source C:/Xilinx/Vivado_HLS/2015.2/common/technology/xilinx/interface/fsl.gen "
@I [HLS-100] Command 'ap_source' returned 0; elapsed 0.002Total elapsed time: 1.586 sec.
@I [HLS-100] Command "source C:/Xilinx/Vivado_HLS/2015.2/common/technology/xilinx/interface/axi4.gen "
@I [HLS-100] Command 'ap_source' returned 0; elapsed 0.004Total elapsed time: 1.590 sec.
@I [HLS-100] Command "source C:/Xilinx/Vivado_HLS/2015.2/common/technology/xilinx/interface/nativeAXI4.gen "
@I [HLS-100] Command "source C:/Xilinx/Vivado_HLS/2015.2/common/technology/xilinx/interface/saxilite.gen "
@I [HLS-100] Command 'ap_source' returned 0; elapsed 0.006Total elapsed time: 1.596 sec.
@I [HLS-100] Command "source C:/Xilinx/Vivado_HLS/2015.2/common/technology/xilinx/interface/maxi.gen "
@I [HLS-100] Command 'ap_source' returned 0; elapsed 0.011Total elapsed time: 1.607 sec.
@I [HLS-100] Command 'ap_source' returned 0; elapsed 0.017Total elapsed time: 1.607 sec.
@I [HLS-100] Command "source C:/Xilinx/Vivado_HLS/2015.2/common/technology/xilinx/scripts/xilinxcoregen.gen "
@I [HLS-100] Command 'ap_source' returned 0; elapsed 0.015Total elapsed time: 1.622 sec.
@I [HLS-100] Command "source C:/Xilinx/Vivado_HLS/2015.2/common/technology/xilinx/interface/XilEDKCoreGen.gen "
@I [HLS-100] Command 'ap_source' returned 0; elapsed 0.012Total elapsed time: 1.635 sec.
@I [HLS-100] Command "source C:/Xilinx/Vivado_HLS/2015.2/common/technology/xilinx/ip/dds_compiler.gen "
@I [HLS-100] Command 'ap_source' returned 0; elapsed 0.006Total elapsed time: 1.642 sec.
@I [HLS-100] Command "source C:/Xilinx/Vivado_HLS/2015.2/common/technology/xilinx/ip/util.gen "
@I [HLS-100] Command 'ap_source' returned 0; elapsed 0Total elapsed time: 1.642 sec.
@I [HLS-100] Command "source C:/Xilinx/Vivado_HLS/2015.2/common/technology/xilinx/ip/xfft.gen "
@I [HLS-100] Command 'ap_source' returned 0; elapsed 0.141Total elapsed time: 1.783 sec.
@I [HLS-100] Command "source C:/Xilinx/Vivado_HLS/2015.2/common/technology/xilinx/ip/xfir.gen "
@I [HLS-100] Command "source C:/Xilinx/Vivado_HLS/2015.2/tps/tcl/tcllib1.11.1/struct/list.tcl "
@I [HLS-100] Command "source C:/Xilinx/Vivado_HLS/2015.2/tps/tcl/tcllib1.11.1/cmdline/cmdline.tcl "
@I [HLS-100] Command 'ap_source' returned 0; elapsed 0.003Total elapsed time: 1.841 sec.
@I [HLS-100] Command 'ap_source' returned 0; elapsed 0.037Total elapsed time: 1.841 sec.
@I [HLS-100] Command "source C:/Xilinx/Vivado_HLS/2015.2/tps/tcl/tcllib1.11.1/math/bignum.tcl "
@I [HLS-100] Command 'ap_source' returned 0; elapsed 0.003Total elapsed time: 1.853 sec.
@I [HLS-100] Command 'ap_source' returned 0; elapsed 0.078Total elapsed time: 1.861 sec.
@I [HLS-100] Command 'ap_source' returned 0; elapsed 0.279Total elapsed time: 1.861 sec.
@I [HLS-100] Command "source C:/Xilinx/Vivado_HLS/2015.2/common/technology/xilinx/common/dsp48.gen "
@I [HLS-100] Command 'ap_source' returned 0; elapsed 0.001Total elapsed time: 1.864 sec.
@I [HLS-100] Command 'ap_source' returned 0; elapsed 0.284Total elapsed time: 1.864 sec.
@I [HLS-100] Command 'ap_source' returned 0; elapsed 0.284Total elapsed time: 1.864 sec.
@I [HLS-100] Command "open_platform DefaultPlatform "
@I [HLS-100] Command 'open_platform' returned 0; elapsed 0Total elapsed time: 1.864 sec.
@I [HLS-100] Command "import_lib C:/Xilinx/Vivado_HLS/2015.2/common/technology/xilinx/zynq/zynq_fpv6 "
@I [HLS-100] Command "source C:/Xilinx/Vivado_HLS/2015.2/common/technology/xilinx/common/xilinx_fpv7.lib "
@I [HLS-100] Command 'ap_source' returned 0; elapsed 0.003Total elapsed time: 1.868 sec.
@I [HLS-100] Command "source C:/Xilinx/Vivado_HLS/2015.2/common/technology/xilinx/common/xilinx_fpv.hlp "
@I [HLS-100] Command "source C:/Xilinx/Vivado_HLS/2015.2/common/technology/xilinx/common/xilinx.hlp "
@I [HLS-100] Command "source C:/Xilinx/Vivado_HLS/2015.2/common/technology/xilinx/common/target_info.tcl "
@I [HLS-100] Command 'ap_source' returned 0; elapsed 0.024Total elapsed time: 1.902 sec.
@I [HLS-100] Command "source C:/Xilinx/Vivado_HLS/2015.2/common/technology/xilinx/interface/xilinx_interface.hlp "
@I [HLS-100] Command "source C:/Xilinx/Vivado_HLS/2015.2/common/technology/xilinx/interface/maxi.hlp "
@I [HLS-100] Command 'ap_source' returned 0; elapsed 0Total elapsed time: 1.902 sec.
@I [HLS-100] Command "source C:/Xilinx/Vivado_HLS/2015.2/common/technology/xilinx/interface/saxilite.hlp "
@I [HLS-100] Command 'ap_source' returned 0; elapsed 0.001Total elapsed time: 1.903 sec.
@I [HLS-100] Command 'ap_source' returned 0; elapsed 0.001Total elapsed time: 1.903 sec.
@I [HLS-100] Command "source C:/Xilinx/Vivado_HLS/2015.2/common/technology/xilinx/common/dsp48.hlp "
@I [HLS-100] Command 'ap_source' returned 0; elapsed 0.002Total elapsed time: 1.905 sec.
@I [HLS-100] Command 'ap_source' returned 0; elapsed 0.029Total elapsed time: 1.906 sec.
@I [HLS-100] Command 'ap_source' returned 0; elapsed 0.031Total elapsed time: 1.907 sec.
@I [HLS-100] Command 'import_lib' returned 0; elapsed 0.048Total elapsed time: 1.912 sec.
@I [HLS-100] Command "source C:/Xilinx/Vivado_HLS/2015.2/common/technology/xilinx/zynq/zynq_fpv6.gen "
@I [HLS-100] Command "source C:/Xilinx/Vivado_HLS/2015.2/common/technology/xilinx/common/xilinx_fpv6.gen "
@I [HLS-100] Command 'ap_source' returned 0; elapsed 0.003Total elapsed time: 1.916 sec.
@I [HLS-100] Command 'ap_source' returned 0; elapsed 0.003Total elapsed time: 1.916 sec.
@I [HLS-100] Command "set_part xc7z020clg484-1 "
@I [HLS-100] Command "add_library xilinx/zynq/zynq:xc7z020:clg484:-1 "
@I [HLS-100] Command "get_default_platform "
@I [HLS-100] Command 'get_default_platform' returned 0; elapsed 0Total elapsed time: 1.923 sec.
@I [HLS-100] Command "license_exists VIVADO_HLS "
@I [LICQ-103] Checked out feature [VIVADO_HLS]
@I [LIC-101] Checked out feature [VIVADO_HLS]
@I [HLS-100] Command 'license_exists' returned 0; elapsed 0Total elapsed time: 1.924 sec.
@I [HLS-100] Command "get_default_platform "
@I [HLS-100] Command 'get_default_platform' returned 0; elapsed 0Total elapsed time: 1.925 sec.
@I [HLS-100] Command "config_chip_info -quiet -resource  {SLICE 13300}  {LUT 53200}     {FF 106400} {DSP48E 220}   {BRAM 280}  "
@I [HLS-100] Command 'config_chip_info' returned 0; elapsed 0Total elapsed time: 1.925 sec.
@I [HLS-100] Command "config_chip_info -quiet -speed slow "
@I [HLS-100] Command 'config_chip_info' returned 0; elapsed 0Total elapsed time: 1.925 sec.
@I [HLS-100] Command 'add_library' returned 0; elapsed 0.004Total elapsed time: 1.927 sec.
@I [HLS-100] Command "add_library xilinx/zynq/zynq_fpv6 "
@I [HLS-100] Command "get_default_platform "
@I [HLS-100] Command 'get_default_platform' returned 0; elapsed 0Total elapsed time: 1.927 sec.
@I [HLS-100] Command "license_exists VIVADO_HLS "
@I [HLS-100] Command 'license_exists' returned 0; elapsed 0Total elapsed time: 1.928 sec.
@I [HLS-100] Command 'add_library' returned 0; elapsed 0.002Total elapsed time: 1.929 sec.
@I [HLS-10] Setting target device to 'xc7z020clg484-1'
@I [HLS-100] Command 'set_part' returned 0; elapsed 0.012Total elapsed time: 1.929 sec.
@I [HLS-100] Command "get_default_platform "
@I [HLS-100] Command 'get_default_platform' returned 0; elapsed 0Total elapsed time: 1.929 sec.
@I [HLS-100] Command "config_chip_info -quiet -resource  {SLICE 13300}  {LUT 53200}     {FF 106400} {DSP48E 220}   {BRAM 280}  "
@I [HLS-100] Command 'config_chip_info' returned 0; elapsed 0Total elapsed time: 1.929 sec.
@I [HLS-100] Command "config_chip_info -quiet -speed slow "
@I [HLS-100] Command 'config_chip_info' returned 0; elapsed 0Total elapsed time: 1.929 sec.
@I [HLS-100] Command 'open_solution' returned 0; elapsed 0.463Total elapsed time: 1.930 sec.
@I [HLS-100] Command "export_design -format ip_catalog "
@I [HLS-100] Command "source D:/vivado_hls/Le_7/solution1/.autopilot/db/global.setting.tcl "
@I [HLS-100] Command 'ap_source' returned 0; elapsed 0.028Total elapsed time: 1.989 sec.
@I [HLS-100] Command "source C:/Xilinx/Vivado_HLS/2015.2/common/technology/generic/autopilot/common.gen "
@I [HLS-100] Command "source C:/Xilinx/Vivado_HLS/2015.2/common/technology/generic/autopilot/APCoreGen.gen "
@I [HLS-100] Command 'ap_source' returned 0; elapsed 0.002Total elapsed time: 1.997 sec.
@I [HLS-100] Command 'ap_source' returned 0; elapsed 0.003Total elapsed time: 1.997 sec.
@I [HLS-100] Command "source C:/Xilinx/Vivado_HLS/2015.2/common/technology/generic/autopilot/op.gen "
@I [HLS-100] Command 'ap_source' returned 0; elapsed 0.001Total elapsed time: 1.999 sec.
@I [HLS-100] Command "source C:/Xilinx/Vivado_HLS/2015.2/common/technology/generic/autopilot/op_simcore.gen "
@I [HLS-100] Command 'ap_source' returned 0; elapsed 0.002Total elapsed time: 2.1 sec.
@I [HLS-100] Command "source C:/Xilinx/Vivado_HLS/2015.2/common/technology/generic/autopilot/interface.gen "
@I [HLS-100] Command 'ap_source' returned 0; elapsed 0Total elapsed time: 2.2 sec.
@I [HLS-100] Command "source D:/vivado_hls/Le_7/solution1/.autopilot/db/global.setting.tcl "
@I [HLS-100] Command 'ap_source' returned 0; elapsed 0.001Total elapsed time: 2.3 sec.
@I [HLS-100] Command "source C:/Xilinx/Vivado_HLS/2015.2/common/technology/xilinx/zynq/zynq.gen "
@I [HLS-100] Command "source C:/Xilinx/Vivado_HLS/2015.2/common/technology/xilinx/common/virtex.gen "
@I [HLS-100] Command "source C:/Xilinx/Vivado_HLS/2015.2/common/technology/xilinx/common/xilinx.gen "
@I [HLS-100] Command "source C:/Xilinx/Vivado_HLS/2015.2/common/technology/xilinx/interface/plb46.gen "
@I [HLS-100] Command 'ap_source' returned 0; elapsed 0.001Total elapsed time: 2.6 sec.
@I [HLS-100] Command "source C:/Xilinx/Vivado_HLS/2015.2/common/technology/xilinx/interface/fsl.gen "
@I [HLS-100] Command 'ap_source' returned 0; elapsed 0.001Total elapsed time: 2.7 sec.
@I [HLS-100] Command "source C:/Xilinx/Vivado_HLS/2015.2/common/technology/xilinx/interface/axi4.gen "
@I [HLS-100] Command 'ap_source' returned 0; elapsed 0.003Total elapsed time: 2.10 sec.
@I [HLS-100] Command "source C:/Xilinx/Vivado_HLS/2015.2/common/technology/xilinx/interface/nativeAXI4.gen "
@I [HLS-100] Command "source C:/Xilinx/Vivado_HLS/2015.2/common/technology/xilinx/interface/saxilite.gen "
@I [HLS-100] Command 'ap_source' returned 0; elapsed 0.004Total elapsed time: 2.15 sec.
@I [HLS-100] Command "source C:/Xilinx/Vivado_HLS/2015.2/common/technology/xilinx/interface/maxi.gen "
@I [HLS-100] Command 'ap_source' returned 0; elapsed 0.01Total elapsed time: 2.25 sec.
@I [HLS-100] Command 'ap_source' returned 0; elapsed 0.015Total elapsed time: 2.25 sec.
@I [HLS-100] Command "source C:/Xilinx/Vivado_HLS/2015.2/common/technology/xilinx/scripts/xilinxcoregen.gen "
@I [HLS-100] Command 'ap_source' returned 0; elapsed 0.013Total elapsed time: 2.38 sec.
@I [HLS-100] Command "source C:/Xilinx/Vivado_HLS/2015.2/common/technology/xilinx/interface/XilEDKCoreGen.gen "
@I [HLS-100] Command 'ap_source' returned 0; elapsed 0.011Total elapsed time: 2.49 sec.
@I [HLS-100] Command "source C:/Xilinx/Vivado_HLS/2015.2/common/technology/xilinx/ip/dds_compiler.gen "
@I [HLS-100] Command 'ap_source' returned 0; elapsed 0.005Total elapsed time: 2.55 sec.
@I [HLS-100] Command "source C:/Xilinx/Vivado_HLS/2015.2/common/technology/xilinx/ip/util.gen "
@I [HLS-100] Command 'ap_source' returned 0; elapsed 0.001Total elapsed time: 2.56 sec.
@I [HLS-100] Command "source C:/Xilinx/Vivado_HLS/2015.2/common/technology/xilinx/ip/xfft.gen "
@I [HLS-100] Command 'ap_source' returned 0; elapsed 0.128Total elapsed time: 2.184 sec.
@I [HLS-100] Command "source C:/Xilinx/Vivado_HLS/2015.2/common/technology/xilinx/ip/xfir.gen "
@I [HLS-100] Command 'ap_source' returned 0; elapsed 0.038Total elapsed time: 2.222 sec.
@I [HLS-100] Command 'ap_source' returned 0; elapsed 0.217Total elapsed time: 2.222 sec.
@I [HLS-100] Command "source C:/Xilinx/Vivado_HLS/2015.2/common/technology/xilinx/common/dsp48.gen "
@I [HLS-100] Command 'ap_source' returned 0; elapsed 0Total elapsed time: 2.224 sec.
@I [HLS-100] Command 'ap_source' returned 0; elapsed 0.221Total elapsed time: 2.225 sec.
@I [HLS-100] Command 'ap_source' returned 0; elapsed 0.221Total elapsed time: 2.225 sec.
@I [HLS-100] Command "source C:/Xilinx/Vivado_HLS/2015.2/common/technology/xilinx/zynq/zynq_fpv6.gen "
@I [HLS-100] Command "source C:/Xilinx/Vivado_HLS/2015.2/common/technology/xilinx/common/xilinx_fpv6.gen "
@I [HLS-100] Command 'ap_source' returned 0; elapsed 0.002Total elapsed time: 2.227 sec.
@I [HLS-100] Command 'ap_source' returned 0; elapsed 0.002Total elapsed time: 2.227 sec.
@I [HLS-100] Command "source D:/vivado_hls/Le_7/solution1/.autopilot/db/global.setting.tcl "
@I [HLS-100] Command 'ap_source' returned 0; elapsed 0.001Total elapsed time: 2.261 sec.
@I [IMPL-8] Exporting RTL as an IP in IP-XACT.
@I [HLS-100] Command "source D:/vivado_hls/Le_7/solution1/.autopilot/db/global.setting.tcl "
@I [HLS-100] Command 'ap_source' returned 0; elapsed 0.001Total elapsed time: 2.533 sec.
@I [HLS-100] Command "source D:/vivado_hls/Le_7/solution1/.autopilot/db/global.setting.tcl "
@I [HLS-100] Command 'ap_source' returned 0; elapsed 0.001Total elapsed time: 2.541 sec.
@I [HLS-100] Command "source C:/Xilinx/Vivado_HLS/2015.2/common/technology/generic/autopilot/common.gen "
@I [HLS-100] Command "source C:/Xilinx/Vivado_HLS/2015.2/common/technology/generic/autopilot/APCoreGen.gen "
@I [HLS-100] Command 'ap_source' returned 0; elapsed 0.002Total elapsed time: 2.544 sec.
@I [HLS-100] Command 'ap_source' returned 0; elapsed 0.002Total elapsed time: 2.544 sec.
@I [HLS-100] Command "source C:/Xilinx/Vivado_HLS/2015.2/common/technology/generic/autopilot/op.gen "
@I [HLS-100] Command 'ap_source' returned 0; elapsed 0.001Total elapsed time: 2.545 sec.
@I [HLS-100] Command "source C:/Xilinx/Vivado_HLS/2015.2/common/technology/generic/autopilot/op_simcore.gen "
@I [HLS-100] Command 'ap_source' returned 0; elapsed 0.002Total elapsed time: 2.547 sec.
@I [HLS-100] Command "source C:/Xilinx/Vivado_HLS/2015.2/common/technology/generic/autopilot/interface.gen "
@I [HLS-100] Command 'ap_source' returned 0; elapsed 0Total elapsed time: 2.547 sec.
@I [HLS-100] Command "source D:/vivado_hls/Le_7/solution1/.autopilot/db/global.setting.tcl "
@I [HLS-100] Command 'ap_source' returned 0; elapsed 0.001Total elapsed time: 2.548 sec.
@I [HLS-100] Command "source C:/Xilinx/Vivado_HLS/2015.2/common/technology/xilinx/zynq/zynq.gen "
@I [HLS-100] Command "source C:/Xilinx/Vivado_HLS/2015.2/common/technology/xilinx/common/virtex.gen "
@I [HLS-100] Command "source C:/Xilinx/Vivado_HLS/2015.2/common/technology/xilinx/common/xilinx.gen "
@I [HLS-100] Command "source C:/Xilinx/Vivado_HLS/2015.2/common/technology/xilinx/interface/plb46.gen "
@I [HLS-100] Command 'ap_source' returned 0; elapsed 0.001Total elapsed time: 2.551 sec.
@I [HLS-100] Command "source C:/Xilinx/Vivado_HLS/2015.2/common/technology/xilinx/interface/fsl.gen "
@I [HLS-100] Command 'ap_source' returned 0; elapsed 0.001Total elapsed time: 2.552 sec.
@I [HLS-100] Command "source C:/Xilinx/Vivado_HLS/2015.2/common/technology/xilinx/interface/axi4.gen "
@I [HLS-100] Command 'ap_source' returned 0; elapsed 0.003Total elapsed time: 2.555 sec.
@I [HLS-100] Command "source C:/Xilinx/Vivado_HLS/2015.2/common/technology/xilinx/interface/nativeAXI4.gen "
@I [HLS-100] Command "source C:/Xilinx/Vivado_HLS/2015.2/common/technology/xilinx/interface/saxilite.gen "
@I [HLS-100] Command 'ap_source' returned 0; elapsed 0.005Total elapsed time: 2.561 sec.
@I [HLS-100] Command "source C:/Xilinx/Vivado_HLS/2015.2/common/technology/xilinx/interface/maxi.gen "
@I [HLS-100] Command 'ap_source' returned 0; elapsed 0.011Total elapsed time: 2.572 sec.
@I [HLS-100] Command 'ap_source' returned 0; elapsed 0.016Total elapsed time: 2.572 sec.
@I [HLS-100] Command "source C:/Xilinx/Vivado_HLS/2015.2/common/technology/xilinx/scripts/xilinxcoregen.gen "
@I [HLS-100] Command 'ap_source' returned 0; elapsed 0.014Total elapsed time: 2.586 sec.
@I [HLS-100] Command "source C:/Xilinx/Vivado_HLS/2015.2/common/technology/xilinx/interface/XilEDKCoreGen.gen "
@I [HLS-100] Command 'ap_source' returned 0; elapsed 0.011Total elapsed time: 2.598 sec.
@I [HLS-100] Command "source C:/Xilinx/Vivado_HLS/2015.2/common/technology/xilinx/ip/dds_compiler.gen "
@I [HLS-100] Command 'ap_source' returned 0; elapsed 0.006Total elapsed time: 2.605 sec.
@I [HLS-100] Command "source C:/Xilinx/Vivado_HLS/2015.2/common/technology/xilinx/ip/util.gen "
@I [HLS-100] Command 'ap_source' returned 0; elapsed 0Total elapsed time: 2.605 sec.
@I [HLS-100] Command "source C:/Xilinx/Vivado_HLS/2015.2/common/technology/xilinx/ip/xfft.gen "
@I [HLS-100] Command 'ap_source' returned 0; elapsed 0.139Total elapsed time: 2.744 sec.
@I [HLS-100] Command "source C:/Xilinx/Vivado_HLS/2015.2/common/technology/xilinx/ip/xfir.gen "
@I [HLS-100] Command 'ap_source' returned 0; elapsed 0.041Total elapsed time: 2.785 sec.
@I [HLS-100] Command 'ap_source' returned 0; elapsed 0.236Total elapsed time: 2.785 sec.
@I [HLS-100] Command "source C:/Xilinx/Vivado_HLS/2015.2/common/technology/xilinx/common/dsp48.gen "
@I [HLS-100] Command 'ap_source' returned 0; elapsed 0.001Total elapsed time: 2.787 sec.
@I [HLS-100] Command 'ap_source' returned 0; elapsed 0.238Total elapsed time: 2.787 sec.
@I [HLS-100] Command 'ap_source' returned 0; elapsed 0.239Total elapsed time: 2.787 sec.
@I [HLS-100] Command "source C:/Xilinx/Vivado_HLS/2015.2/common/technology/xilinx/zynq/zynq_fpv6.gen "
@I [HLS-100] Command "source C:/Xilinx/Vivado_HLS/2015.2/common/technology/xilinx/common/xilinx_fpv6.gen "
@I [HLS-100] Command 'ap_source' returned 0; elapsed 0.002Total elapsed time: 2.790 sec.
@I [HLS-100] Command 'ap_source' returned 0; elapsed 0.002Total elapsed time: 2.790 sec.
@I [HLS-100] Command "source D:/vivado_hls/Le_7/solution1/.autopilot/db/global.setting.tcl "
@I [HLS-100] Command 'ap_source' returned 0; elapsed 0.001Total elapsed time: 2.815 sec.
@I [HLS-100] Command "source D:/vivado_hls/Le_7/solution1/.autopilot/db/global.setting.tcl "
@I [HLS-100] Command 'ap_source' returned 0; elapsed 0.001Total elapsed time: 2.816 sec.
@I [HLS-100] Command "source D:/vivado_hls/Le_7/solution1/.autopilot/db/dateport_C1_conv.compgen.tcl "
@I [HLS-100] Command 'ap_source' returned 0; elapsed 0.033Total elapsed time: 2.863 sec.
@I [HLS-100] Command "source D:/vivado_hls/Le_7/solution1/.autopilot/db/dateport_S2_pool.compgen.tcl "
@I [HLS-100] Command 'ap_source' returned 0; elapsed 0.001Total elapsed time: 2.864 sec.
@I [HLS-100] Command "source D:/vivado_hls/Le_7/solution1/.autopilot/db/dateport_C3_conv.compgen.tcl "
@I [HLS-100] Command 'ap_source' returned 0; elapsed 0.001Total elapsed time: 2.865 sec.
@I [HLS-100] Command "source D:/vivado_hls/Le_7/solution1/.autopilot/db/dateport_S4_pool.compgen.tcl "
@I [HLS-100] Command 'ap_source' returned 0; elapsed 0.001Total elapsed time: 2.866 sec.
@I [HLS-100] Command "source D:/vivado_hls/Le_7/solution1/.autopilot/db/dateport_C5_conv.compgen.tcl "
@I [HLS-100] Command 'ap_source' returned 0; elapsed 0.047Total elapsed time: 2.913 sec.
@I [HLS-100] Command "source D:/vivado_hls/Le_7/solution1/.autopilot/db/dateport_O_layer.compgen.tcl "
@I [HLS-100] Command 'ap_source' returned 0; elapsed 0.021Total elapsed time: 2.934 sec.
@I [HLS-100] Command "source D:/vivado_hls/Le_7/solution1/.autopilot/db/dateport_DC5_layer.compgen.tcl "
@I [HLS-100] Command 'ap_source' returned 0; elapsed 0.001Total elapsed time: 2.935 sec.
@I [HLS-100] Command "source D:/vivado_hls/Le_7/solution1/.autopilot/db/dateport_DS4_layer.compgen.tcl "
@I [HLS-100] Command 'ap_source' returned 0; elapsed 0.001Total elapsed time: 2.936 sec.
@I [HLS-100] Command "source D:/vivado_hls/Le_7/solution1/.autopilot/db/dateport_DC3_layer.compgen.tcl "
@I [HLS-100] Command 'ap_source' returned 0; elapsed 0.001Total elapsed time: 2.937 sec.
@I [HLS-100] Command "source D:/vivado_hls/Le_7/solution1/.autopilot/db/dateport_DS2_layer.compgen.tcl "
@I [HLS-100] Command 'ap_source' returned 0; elapsed 0.001Total elapsed time: 2.938 sec.
@I [HLS-100] Command "source D:/vivado_hls/Le_7/solution1/.autopilot/db/dateport_DC1_layer.compgen.tcl "
@I [HLS-100] Command 'ap_source' returned 0; elapsed 0.001Total elapsed time: 2.939 sec.
@I [HLS-100] Command "source D:/vivado_hls/Le_7/solution1/.autopilot/db/dateport_update_C1.compgen.tcl "
@I [HLS-100] Command 'ap_source' returned 0; elapsed 0.001Total elapsed time: 2.940 sec.
@I [HLS-100] Command "source D:/vivado_hls/Le_7/solution1/.autopilot/db/dateport_update_C3.compgen.tcl "
@I [HLS-100] Command 'ap_source' returned 0; elapsed 0Total elapsed time: 2.940 sec.
@I [HLS-100] Command "source D:/vivado_hls/Le_7/solution1/.autopilot/db/dateport_update_C5.compgen.tcl "
@I [HLS-100] Command 'ap_source' returned 0; elapsed 0.001Total elapsed time: 2.942 sec.
@I [HLS-100] Command "source D:/vivado_hls/Le_7/solution1/.autopilot/db/dateport_update_OUT.compgen.tcl "
@I [HLS-100] Command 'ap_source' returned 0; elapsed 0.001Total elapsed time: 2.943 sec.
@I [HLS-100] Command "source D:/vivado_hls/Le_7/solution1/.autopilot/db/dateport_upadteall.compgen.tcl "
@I [HLS-100] Command 'ap_source' returned 0; elapsed 0.013Total elapsed time: 2.956 sec.
@I [HLS-100] Command "source D:/vivado_hls/Le_7/solution1/.autopilot/db/dateport.compgen.tcl "
@I [HLS-100] Command 'ap_source' returned 0; elapsed 0.016Total elapsed time: 2.972 sec.
@I [HLS-100] Command "source D:/vivado_hls/Le_7/solution1/.autopilot/db/global.setting.tcl "
@I [HLS-100] Command 'ap_source' returned 0; elapsed 0.001Total elapsed time: 4.486 sec.
@I [HLS-100] Command "source D:/vivado_hls/Le_7/solution1/.autopilot/db/global.setting.tcl "
@I [HLS-100] Command 'ap_source' returned 0; elapsed 0.001Total elapsed time: 4.487 sec.
@I [HLS-100] Command "source D:/vivado_hls/Le_7/solution1/.autopilot/db/dateport_C1_conv.compgen.tcl "
@I [HLS-100] Command 'ap_source' returned 0; elapsed 0.001Total elapsed time: 4.489 sec.
@I [HLS-100] Command "source D:/vivado_hls/Le_7/solution1/.autopilot/db/dateport_S2_pool.compgen.tcl "
@I [HLS-100] Command 'ap_source' returned 0; elapsed 0.001Total elapsed time: 4.490 sec.
@I [HLS-100] Command "source D:/vivado_hls/Le_7/solution1/.autopilot/db/dateport_C3_conv.compgen.tcl "
@I [HLS-100] Command 'ap_source' returned 0; elapsed 0.001Total elapsed time: 4.491 sec.
@I [HLS-100] Command "source D:/vivado_hls/Le_7/solution1/.autopilot/db/dateport_S4_pool.compgen.tcl "
@I [HLS-100] Command 'ap_source' returned 0; elapsed 0.001Total elapsed time: 4.492 sec.
@I [HLS-100] Command "source D:/vivado_hls/Le_7/solution1/.autopilot/db/dateport_C5_conv.compgen.tcl "
@I [HLS-100] Command 'ap_source' returned 0; elapsed 0Total elapsed time: 4.492 sec.
@I [HLS-100] Command "source D:/vivado_hls/Le_7/solution1/.autopilot/db/dateport_O_layer.compgen.tcl "
@I [HLS-100] Command 'ap_source' returned 0; elapsed 0.001Total elapsed time: 4.493 sec.
@I [HLS-100] Command "source D:/vivado_hls/Le_7/solution1/.autopilot/db/dateport_DC5_layer.compgen.tcl "
@I [HLS-100] Command 'ap_source' returned 0; elapsed 0.236Total elapsed time: 4.729 sec.
@I [HLS-100] Command "source D:/vivado_hls/Le_7/solution1/.autopilot/db/dateport_DS4_layer.compgen.tcl "
@I [HLS-100] Command 'ap_source' returned 0; elapsed 0.001Total elapsed time: 4.730 sec.
@I [HLS-100] Command "source D:/vivado_hls/Le_7/solution1/.autopilot/db/dateport_DC3_layer.compgen.tcl "
@I [HLS-100] Command 'ap_source' returned 0; elapsed 0.001Total elapsed time: 4.731 sec.
@I [HLS-100] Command "source D:/vivado_hls/Le_7/solution1/.autopilot/db/dateport_DS2_layer.compgen.tcl "
@I [HLS-100] Command 'ap_source' returned 0; elapsed 0Total elapsed time: 4.731 sec.
@I [HLS-100] Command "source D:/vivado_hls/Le_7/solution1/.autopilot/db/dateport_DC1_layer.compgen.tcl "
@I [HLS-100] Command 'ap_source' returned 0; elapsed 0Total elapsed time: 4.732 sec.
@I [HLS-100] Command "source D:/vivado_hls/Le_7/solution1/.autopilot/db/dateport_update_C1.compgen.tcl "
@I [HLS-100] Command 'ap_source' returned 0; elapsed 0.001Total elapsed time: 4.733 sec.
@I [HLS-100] Command "source D:/vivado_hls/Le_7/solution1/.autopilot/db/dateport_update_C3.compgen.tcl "
@I [HLS-100] Command 'ap_source' returned 0; elapsed 0.001Total elapsed time: 4.734 sec.
@I [HLS-100] Command "source D:/vivado_hls/Le_7/solution1/.autopilot/db/dateport_update_C5.compgen.tcl "
@I [HLS-100] Command 'ap_source' returned 0; elapsed 0.001Total elapsed time: 4.735 sec.
@I [HLS-100] Command "source D:/vivado_hls/Le_7/solution1/.autopilot/db/dateport_update_OUT.compgen.tcl "
@I [HLS-100] Command 'ap_source' returned 0; elapsed 0.001Total elapsed time: 4.736 sec.
@I [HLS-100] Command "source D:/vivado_hls/Le_7/solution1/.autopilot/db/dateport_upadteall.compgen.tcl "
@I [HLS-100] Command 'ap_source' returned 0; elapsed 0.001Total elapsed time: 4.737 sec.
@I [HLS-100] Command "source D:/vivado_hls/Le_7/solution1/.autopilot/db/dateport.compgen.tcl "
@I [HLS-100] Command "source D:/vivado_hls/Le_7/solution1/.autopilot/db/dateport.rtl_wrap.cfg.tcl "
@I [HLS-100] Command 'ap_source' returned 0; elapsed 0.016Total elapsed time: 4.759 sec.
@I [HLS-100] Command "source D:/vivado_hls/Le_7/solution1/.autopilot/db/dateport.rtl_wrap.cfg.tcl "
@I [HLS-100] Command 'ap_source' returned 0; elapsed 0.001Total elapsed time: 4.761 sec.
@I [HLS-100] Command "source D:/vivado_hls/Le_7/solution1/.autopilot/db/dateport.rtl_wrap.cfg.tcl "
@I [HLS-100] Command 'ap_source' returned 0; elapsed 0.001Total elapsed time: 4.762 sec.
@I [HLS-100] Command "source D:/vivado_hls/Le_7/solution1/.autopilot/db/dateport.tbgen.tcl "
@I [HLS-100] Command 'ap_source' returned 0; elapsed 0.018Total elapsed time: 4.780 sec.
@I [HLS-100] Command "source D:/vivado_hls/Le_7/solution1/.autopilot/db/dateport.tbgen.tcl "
@I [HLS-100] Command 'ap_source' returned 0; elapsed 0Total elapsed time: 4.781 sec.
@I [HLS-100] Command 'ap_source' returned 0; elapsed 0.086Total elapsed time: 4.823 sec.
@I [HLS-100] Command "source D:/vivado_hls/Le_7/solution1/.autopilot/db/global.setting.tcl "
@I [HLS-100] Command 'ap_source' returned 0; elapsed 0.001Total elapsed time: 4.841 sec.
@I [HLS-100] Command "source D:/vivado_hls/Le_7/solution1/.autopilot/db/global.setting.tcl "
@I [HLS-100] Command 'ap_source' returned 0; elapsed 0Total elapsed time: 4.841 sec.
@I [HLS-100] Command "source D:/vivado_hls/Le_7/solution1/.autopilot/db/dateport_C1_conv.compgen.tcl "
@I [HLS-100] Command 'ap_source' returned 0; elapsed 0.003Total elapsed time: 4.845 sec.
@I [HLS-100] Command "source D:/vivado_hls/Le_7/solution1/.autopilot/db/dateport_S2_pool.compgen.tcl "
@I [HLS-100] Command 'ap_source' returned 0; elapsed 0.001Total elapsed time: 4.846 sec.
@I [HLS-100] Command "source D:/vivado_hls/Le_7/solution1/.autopilot/db/dateport_C3_conv.compgen.tcl "
@I [HLS-100] Command 'ap_source' returned 0; elapsed 0.001Total elapsed time: 4.847 sec.
@I [HLS-100] Command "source D:/vivado_hls/Le_7/solution1/.autopilot/db/dateport_S4_pool.compgen.tcl "
@I [HLS-100] Command 'ap_source' returned 0; elapsed 0.001Total elapsed time: 4.848 sec.
@I [HLS-100] Command "source D:/vivado_hls/Le_7/solution1/.autopilot/db/dateport_C5_conv.compgen.tcl "
@I [HLS-100] Command 'ap_source' returned 0; elapsed 0.025Total elapsed time: 4.873 sec.
@I [HLS-100] Command "source D:/vivado_hls/Le_7/solution1/.autopilot/db/dateport_O_layer.compgen.tcl "
@I [HLS-100] Command 'ap_source' returned 0; elapsed 0.002Total elapsed time: 4.875 sec.
@I [HLS-100] Command "source D:/vivado_hls/Le_7/solution1/.autopilot/db/dateport_DC5_layer.compgen.tcl "
@I [HLS-100] Command 'ap_source' returned 0; elapsed 0Total elapsed time: 4.876 sec.
@I [HLS-100] Command "source D:/vivado_hls/Le_7/solution1/.autopilot/db/dateport_DS4_layer.compgen.tcl "
@I [HLS-100] Command 'ap_source' returned 0; elapsed 0.001Total elapsed time: 4.877 sec.
@I [HLS-100] Command "source D:/vivado_hls/Le_7/solution1/.autopilot/db/dateport_DC3_layer.compgen.tcl "
@I [HLS-100] Command 'ap_source' returned 0; elapsed 0.001Total elapsed time: 4.878 sec.
@I [HLS-100] Command "source D:/vivado_hls/Le_7/solution1/.autopilot/db/dateport_DS2_layer.compgen.tcl "
@I [HLS-100] Command 'ap_source' returned 0; elapsed 0.001Total elapsed time: 4.879 sec.
@I [HLS-100] Command "source D:/vivado_hls/Le_7/solution1/.autopilot/db/dateport_DC1_layer.compgen.tcl "
@I [HLS-100] Command 'ap_source' returned 0; elapsed 0.001Total elapsed time: 4.880 sec.
@I [HLS-100] Command "source D:/vivado_hls/Le_7/solution1/.autopilot/db/dateport_update_C1.compgen.tcl "
@I [HLS-100] Command 'ap_source' returned 0; elapsed 0.001Total elapsed time: 4.881 sec.
@I [HLS-100] Command "source D:/vivado_hls/Le_7/solution1/.autopilot/db/dateport_update_C3.compgen.tcl "
@I [HLS-100] Command 'ap_source' returned 0; elapsed 0Total elapsed time: 4.881 sec.
@I [HLS-100] Command "source D:/vivado_hls/Le_7/solution1/.autopilot/db/dateport_update_C5.compgen.tcl "
@I [HLS-100] Command 'ap_source' returned 0; elapsed 0Total elapsed time: 4.882 sec.
@I [HLS-100] Command "source D:/vivado_hls/Le_7/solution1/.autopilot/db/dateport_update_OUT.compgen.tcl "
@I [HLS-100] Command 'ap_source' returned 0; elapsed 0.001Total elapsed time: 4.883 sec.
@I [HLS-100] Command "source D:/vivado_hls/Le_7/solution1/.autopilot/db/dateport_upadteall.compgen.tcl "
@I [HLS-100] Command 'ap_source' returned 0; elapsed 0.002Total elapsed time: 4.885 sec.
@I [HLS-100] Command "source D:/vivado_hls/Le_7/solution1/.autopilot/db/dateport.compgen.tcl "
@I [HLS-100] Command 'ap_source' returned 0; elapsed 0.006Total elapsed time: 4.891 sec.
@I [HLS-100] Command "source D:/vivado_hls/Le_7/solution1/.autopilot/db/global.setting.tcl "
@I [HLS-100] Command 'ap_source' returned 0; elapsed 0Total elapsed time: 5.640 sec.
@I [HLS-100] Command "source D:/vivado_hls/Le_7/solution1/.autopilot/db/dateport.constraint.tcl "
@I [HLS-100] Command 'ap_source' returned 0; elapsed 0.001Total elapsed time: 5.643 sec.
@I [HLS-100] Command 'export_design' returned 2; elapsed 3.901Total elapsed time: 5.831 sec.
@I [HLS-100] Command 'ap_source' returned 1; elapsed 4.367Total elapsed time: 5.831 sec.
command 'ap_source' returned error code
    while executing
"source D:/vivado_hls/Le_7/solution1/export.tcl"
    invoked from within
"hls::main D:/vivado_hls/Le_7/solution1/export.tcl"
    ("uplevel" body line 1)
    invoked from within
"uplevel 1 hls::main {*}$args"
    (procedure "hls_proc" line 5)
    invoked from within
"hls_proc $argv"
@I [HLS-100] Command "cleanup_all "
@I [HLS-100] Command 'cleanup_all' returned 0; elapsed 0.012Total elapsed time: 5.843 sec.
