

================================================================
== Vivado HLS Report for 'dateport_update_C1'
================================================================
* Date:           Tue May 09 23:13:42 2017

* Version:        2015.2 (Build 1266856 on Fri Jun 26 16:57:37 PM 2015)
* Project:        Le_7
* Solution:       solution1
* Product family: zynq
* Target device:  xc7z020clg484-1


================================================================
== Performance Estimates
================================================================
+ Timing (ns): 
    * Summary: 
    +--------+-------+----------+------------+
    |  Clock | Target| Estimated| Uncertainty|
    +--------+-------+----------+------------+
    |ap_clk  |  10.00|     14.51|        1.25|
    +--------+-------+----------+------------+

+ Latency (clock cycles): 
    * Summary: 
    +--------+--------+--------+--------+---------+
    |     Latency     |     Interval    | Pipeline|
    |   min  |   max  |   min  |   max  |   Type  |
    +--------+--------+--------+--------+---------+
    |  513644|  513644|  513644|  513644|   none  |
    +--------+--------+--------+--------+---------+

    + Detail: 
        * Instance: 
        N/A

        * Loop: 
        +-------------------------+--------+--------+----------+-----------+-----------+------+----------+
        |                         |     Latency     | Iteration|  Initiation Interval  | Trip |          |
        |        Loop Name        |   min  |   max  |  Latency |  achieved |   target  | Count| Pipelined|
        +-------------------------+--------+--------+----------+-----------+-----------+------+----------+
        |- Loop 1                 |  480324|  480324|     80054|          -|          -|     6|    no    |
        | + Loop 1.1              |      35|      35|         7|          -|          -|     5|    no    |
        |  ++ Loop 1.1.1          |       5|       5|         1|          -|          -|     5|    no    |
        | + L_L_update_C1_label5  |   79804|   79804|       119|        114|          1|   700|    yes   |
        | + Loop 1.3              |     210|     210|        42|          -|          -|     5|    no    |
        |  ++ Loop 1.3.1          |      40|      40|         8|          -|          -|     5|    no    |
        |- Loop 2                 |   33318|   33318|      5553|          -|          -|     6|    no    |
        | + Loop 2.1              |    5544|    5544|       198|          -|          -|    28|    no    |
        |  ++ Loop 2.1.1          |     196|     196|         7|          -|          -|    28|    no    |
        +-------------------------+--------+--------+----------+-----------+-----------+------+----------+



================================================================
== Utilization Estimates
================================================================
* Summary: 
+-----------------+---------+-------+--------+-------+
|       Name      | BRAM_18K| DSP48E|   FF   |  LUT  |
+-----------------+---------+-------+--------+-------+
|Expression       |        -|      -|       0|   1356|
|FIFO             |        -|      -|       -|      -|
|Instance         |        -|      5|     348|    711|
|Memory           |        0|      -|      64|     13|
|Multiplexer      |        -|      -|       -|   1634|
|Register         |        -|      -|    2451|      -|
+-----------------+---------+-------+--------+-------+
|Total            |        0|      5|    2863|   3714|
+-----------------+---------+-------+--------+-------+
|Available        |      280|    220|  106400|  53200|
+-----------------+---------+-------+--------+-------+
|Utilization (%)  |        0|      2|       2|      6|
+-----------------+---------+-------+--------+-------+

+ Detail: 
    * Instance: 
    +-------------------------------------------+---------------------------------------+---------+-------+-----+-----+
    |                  Instance                 |                 Module                | BRAM_18K| DSP48E|  FF | LUT |
    +-------------------------------------------+---------------------------------------+---------+-------+-----+-----+
    |dateport_fadd_32ns_32ns_32_5_full_dsp_U80  |dateport_fadd_32ns_32ns_32_5_full_dsp  |        0|      2|  205|  390|
    |dateport_fmul_32ns_32ns_32_4_max_dsp_U81   |dateport_fmul_32ns_32ns_32_4_max_dsp   |        0|      3|  143|  321|
    +-------------------------------------------+---------------------------------------+---------+-------+-----+-----+
    |Total                                      |                                       |        0|      5|  348|  711|
    +-------------------------------------------+---------------------------------------+---------+-------+-----+-----+

    * Memory: 
    +-------+------------------------+---------+----+----+------+-----+------+-------------+
    | Memory|         Module         | BRAM_18K| FF | LUT| Words| Bits| Banks| W*Bits*Banks|
    +-------+------------------------+---------+----+----+------+-----+------+-------------+
    |tmp_U  |dateport_update_C1_tmp  |        0|  64|  13|    25|   32|     1|          800|
    +-------+------------------------+---------+----+----+------+-----+------+-------------+
    |Total  |                        |        0|  64|  13|    25|   32|     1|          800|
    +-------+------------------------+---------+----+----+------+-----+------+-------------+

    * FIFO: 
    N/A

    * Expression: 
    +---------------------------------+----------+-------+---+----+------------+------------+
    |          Variable Name          | Operation| DSP48E| FF| LUT| Bitwidth P0| Bitwidth P1|
    +---------------------------------+----------+-------+---+----+------------+------------+
    |C1_d_addr13_fu_1426_p2           |     +    |      0|  0|  32|          32|           3|
    |C1_d_addr14_fu_1450_p2           |     +    |      0|  0|  32|          32|           3|
    |C1_d_addr15_fu_1484_p2           |     +    |      0|  0|  32|          32|           3|
    |C1_d_addr16_fu_1508_p2           |     +    |      0|  0|  32|          32|           3|
    |C1_d_addr17_fu_1570_p2           |     +    |      0|  0|  32|          32|           4|
    |C1_d_addr18_fu_1594_p2           |     +    |      0|  0|  32|          32|           4|
    |C1_d_addr19_fu_1628_p2           |     +    |      0|  0|  32|          32|           4|
    |C1_d_addr20_fu_1652_p2           |     +    |      0|  0|  32|          32|           4|
    |C1_d_addr21_fu_1689_p2           |     +    |      0|  0|  32|          32|           4|
    |C1_d_addr22_fu_1711_p2           |     +    |      0|  0|  32|          32|           4|
    |C1_d_addr23_fu_1743_p2           |     +    |      0|  0|  32|          32|           4|
    |C1_d_addr24_fu_1765_p2           |     +    |      0|  0|  32|          32|           4|
    |C1_d_addr25_fu_1793_p2           |     +    |      0|  0|  32|          32|           5|
    |C1_d_addr26_fu_1815_p2           |     +    |      0|  0|  32|          32|           5|
    |C1_d_addr27_fu_1847_p2           |     +    |      0|  0|  32|          32|           5|
    |C1_d_addr28_fu_1869_p2           |     +    |      0|  0|  32|          32|           5|
    |C1_d_addr29_fu_1901_p2           |     +    |      0|  0|  32|          32|           5|
    |C1_d_addr30_fu_1923_p2           |     +    |      0|  0|  32|          32|           5|
    |C1_d_addr31_fu_1955_p2           |     +    |      0|  0|  32|          32|           5|
    |C1_d_addr32_fu_1977_p2           |     +    |      0|  0|  32|          32|           5|
    |C1_d_addr33_fu_2013_p2           |     +    |      0|  0|  32|          32|           5|
    |C1_d_addr34_fu_2035_p2           |     +    |      0|  0|  32|          32|           5|
    |C1_d_addr35_fu_2063_p2           |     +    |      0|  0|  32|          32|           5|
    |C1_d_addr36_fu_2085_p2           |     +    |      0|  0|  32|          32|           5|
    |C1_d_addr37_fu_2338_p2           |     +    |      0|  0|  32|          32|          32|
    |C1_d_addr6_fu_2287_p2            |     +    |      0|  0|  10|          10|          10|
    |C1_d_addr8_fu_1268_p2            |     +    |      0|  0|  10|          10|          10|
    |C1_dmapData_addr1_fu_2099_p2     |     +    |      0|  0|   6|           6|           6|
    |C1_dmapData_addr2_fu_2126_p2     |     +    |      0|  0|   6|           6|           6|
    |C1_dmapData_addr3_fu_2147_p2     |     +    |      0|  0|  32|          32|          32|
    |C1_dmapData_addr4_fu_2191_p2     |     +    |      0|  0|  32|          32|          32|
    |i_24_fu_2227_p2                  |     +    |      0|  0|   3|           3|           1|
    |i_8_fu_1046_p2                   |     +    |      0|  0|   3|           3|           1|
    |i_9_fu_2110_p2                   |     +    |      0|  0|   3|           3|           1|
    |i_s_fu_1182_p2                   |     +    |      0|  0|   3|           3|           1|
    |indvar_flatten_next2_fu_1144_p2  |     +    |      0|  0|  10|          10|           1|
    |indvar_flatten_op_fu_1224_p2     |     +    |      0|  0|   8|           8|           1|
    |j_23_fu_1196_p2                  |     +    |      0|  0|   3|           3|           1|
    |j_4_fu_1118_p2                   |     +    |      0|  0|   3|           3|           1|
    |j_5_fu_2277_p2                   |     +    |      0|  0|   5|           5|           1|
    |j_6_fu_2181_p2                   |     +    |      0|  0|   3|           3|           1|
    |k_18_fu_1334_p2                  |     +    |      0|  0|   5|           5|           1|
    |k_fu_2328_p2                     |     +    |      0|  0|   5|           5|           1|
    |p_8_fu_1034_p2                   |     +    |      0|  0|   3|           3|           1|
    |p_addr16_fu_1546_p2              |     +    |      0|  0|   4|           6|           6|
    |p_addr21_fu_2169_p2              |     +    |      0|  0|   6|           6|           6|
    |p_addr22_fu_2211_p2              |     +    |      0|  0|   6|           6|           6|
    |p_addr23_fu_1068_p2              |     +    |      0|  0|   6|           6|           6|
    |p_addr24_fu_1128_p2              |     +    |      0|  0|   6|           6|           6|
    |p_addr_fu_1540_p2                |     +    |      0|  0|   4|           6|           6|
    |tmp_130_fu_1246_p2               |     +    |      0|  0|   5|           5|           5|
    |tmp_216_10_fu_1609_p2            |     +    |      0|  0|   4|           4|           4|
    |tmp_216_11_fu_1665_p2            |     +    |      0|  0|   5|           5|           4|
    |tmp_216_12_fu_1671_p2            |     +    |      0|  0|   5|           5|           4|
    |tmp_216_13_fu_1721_p2            |     +    |      0|  0|   5|           5|           4|
    |tmp_216_14_fu_1726_p2            |     +    |      0|  0|   5|           5|           4|
    |tmp_216_15_fu_1775_p2            |     +    |      0|  0|   5|           5|           5|
    |tmp_216_16_fu_1825_p2            |     +    |      0|  0|   5|           5|           5|
    |tmp_216_17_fu_1830_p2            |     +    |      0|  0|   5|           5|           5|
    |tmp_216_18_fu_1879_p2            |     +    |      0|  0|   5|           5|           5|
    |tmp_216_19_fu_1884_p2            |     +    |      0|  0|   5|           5|           5|
    |tmp_216_1_fu_1241_p2             |     +    |      0|  0|   3|           3|           1|
    |tmp_216_20_fu_1933_p2            |     +    |      0|  0|   5|           5|           5|
    |tmp_216_21_fu_1938_p2            |     +    |      0|  0|   5|           5|           5|
    |tmp_216_2_fu_1339_p2             |     +    |      0|  0|   3|           3|           2|
    |tmp_216_3_fu_1344_p2             |     +    |      0|  0|   3|           3|           2|
    |tmp_216_4_fu_1400_p2             |     +    |      0|  0|   4|           4|           3|
    |tmp_216_5_fu_1406_p2             |     +    |      0|  0|   4|           4|           3|
    |tmp_216_6_fu_1460_p2             |     +    |      0|  0|   4|           4|           3|
    |tmp_216_7_fu_1465_p2             |     +    |      0|  0|   4|           4|           3|
    |tmp_216_9_fu_1518_p2             |     +    |      0|  0|   4|           4|           4|
    |tmp_216_s_fu_1604_p2             |     +    |      0|  0|   4|           4|           4|
    |C1_d_addr4_fu_2261_p2            |     -    |      0|  0|   9|           9|           9|
    |C1_d_addr5_fu_1102_p2            |     -    |      0|  0|   9|           9|           9|
    |C1_d_addr7_fu_2316_p2            |     -    |      0|  0|  32|          32|          32|
    |C1_d_addr9_fu_1297_p2            |     -    |      0|  0|  32|          32|          32|
    |tmp_133_fu_2116_p2               |     -    |      0|  0|   4|           4|           3|
    |tmp_134_fu_2201_p2               |     -    |      0|  0|   4|           4|           3|
    |i_1_mid2_fu_1188_p3              |  Select  |      0|  0|   3|           1|           3|
    |indvar_flatten_next_fu_1230_p3   |  Select  |      0|  0|   8|           1|           1|
    |j_1_mid2_fu_1216_p3              |  Select  |      0|  0|   3|           1|           3|
    |j_1_mid_fu_1156_p3               |  Select  |      0|  0|   3|           1|           1|
    |k14_mid2_fu_1208_p3              |  Select  |      0|  0|   5|           1|           1|
    |exitcond6_mid_fu_1176_p2         |    and   |      0|  0|   1|           1|           1|
    |exitcond10_fu_1040_p2            |   icmp   |      0|  0|   2|           3|           3|
    |exitcond11_fu_1028_p2            |   icmp   |      0|  0|   2|           3|           3|
    |exitcond18_fu_1170_p2            |   icmp   |      0|  0|   2|           5|           4|
    |exitcond1_fu_2271_p2             |   icmp   |      0|  0|   2|           5|           4|
    |exitcond2_fu_2221_p2             |   icmp   |      0|  0|   2|           3|           3|
    |exitcond3_fu_2175_p2             |   icmp   |      0|  0|   2|           3|           3|
    |exitcond4_fu_2104_p2             |   icmp   |      0|  0|   2|           3|           3|
    |exitcond9_fu_1112_p2             |   icmp   |      0|  0|   2|           3|           3|
    |exitcond_flatten6_fu_1150_p2     |   icmp   |      0|  0|   3|           8|           8|
    |exitcond_flatten_fu_1138_p2      |   icmp   |      0|  0|   4|          10|          10|
    |exitcond_fu_2322_p2              |   icmp   |      0|  0|   2|           5|           4|
    |C1_d_addr10_fu_1323_p2           |    or    |      0|  0|  44|          32|           1|
    |C1_d_addr11_fu_1363_p2           |    or    |      0|  0|  44|          32|           2|
    |C1_d_addr12_fu_1387_p2           |    or    |      0|  0|  44|          32|           2|
    |tmp_215_fu_1202_p2               |    or    |      0|  0|   1|           1|           1|
    |not_exitcond_flatten_fu_1164_p2  |    xor   |      0|  0|   2|           1|           2|
    +---------------------------------+----------+-------+---+----+------------+------------+
    |Total                            |          |      0|  0|1356|        1331|         520|
    +---------------------------------+----------+-------+---+----+------------+------------+

    * Multiplexer: 
    +-------------------------------+-----+-----------+-----+-----------+
    |              Name             | LUT | Input Size| Bits| Total Bits|
    +-------------------------------+-----+-----------+-----+-----------+
    |C1_d_address0                  |   65|         16|   13|        208|
    |C1_d_address1                  |   39|         15|   13|        195|
    |C1_dbias_address0              |    3|          3|    3|          9|
    |C1_dmapData_address0           |    8|          3|    8|         24|
    |ap_NS_fsm                      |  376|        145|    1|        145|
    |grp_fu_884_p0                  |   32|          6|   32|        192|
    |grp_fu_884_p1                  |  224|         26|   32|        832|
    |grp_fu_893_p0                  |  160|         19|   32|        608|
    |grp_fu_893_p1                  |  160|         19|   32|        608|
    |i_1_phi_fu_765_p4              |    3|          2|    3|          6|
    |i_1_reg_761                    |    3|          2|    3|          6|
    |i_2_reg_805                    |    3|          2|    3|          6|
    |i_3_reg_827                    |    3|          2|    3|          6|
    |i_reg_728                      |    3|          2|    3|          6|
    |indvar_flatten2_phi_fu_754_p4  |   10|          2|   10|         20|
    |indvar_flatten2_reg_750        |   10|          2|   10|         20|
    |indvar_flatten_phi_fu_776_p4   |    8|          2|    8|         16|
    |indvar_flatten_reg_772         |    8|          2|    8|         16|
    |inputimg_address0              |   30|         15|   10|        150|
    |inputimg_address1              |   30|         15|   10|        150|
    |j_1_phi_fu_787_p4              |    3|          2|    3|          6|
    |j_1_reg_783                    |    3|          2|    3|          6|
    |j_2_reg_816                    |    3|          2|    3|          6|
    |j_3_reg_838                    |    5|          2|    5|         10|
    |j_reg_739                      |    3|          2|    3|          6|
    |k14_phi_fu_798_p4              |    5|          2|    5|         10|
    |k14_reg_794                    |    5|          2|    5|         10|
    |k_1_reg_861                    |    5|          2|    5|         10|
    |p_reg_716                      |    3|          2|    3|          6|
    |q_1_reg_872                    |   32|          2|   32|         64|
    |q_reg_849                      |   32|          2|   32|         64|
    |reg_1000                       |   32|          2|   32|         64|
    |reg_910                        |   32|          2|   32|         64|
    |reg_916                        |   32|          2|   32|         64|
    |reg_932                        |   32|          2|   32|         64|
    |reg_938                        |   32|          2|   32|         64|
    |reg_954                        |   32|          2|   32|         64|
    |reg_960                        |   32|          2|   32|         64|
    |reg_971                        |   32|          2|   32|         64|
    |reg_977                        |   32|          2|   32|         64|
    |reg_994                        |   32|          2|   32|         64|
    |tmp_address0                   |    5|          5|    5|         25|
    |tmp_d0                         |   32|          3|   32|         96|
    +-------------------------------+-----+-----------+-----+-----------+
    |Total                          | 1634|        350|  693|       4182|
    +-------------------------------+-----+-----------+-----+-----------+

    * Register: 
    +------------------------------------------------+-----+----+-----+-----------+
    |                      Name                      |  FF | LUT| Bits| Const Bits|
    +------------------------------------------------+-----+----+-----+-----------+
    |C1_d_addr4_cast_reg_3053                        |    8|   0|   10|          2|
    |C1_d_addr5_cast_reg_2375                        |    8|   0|   10|          2|
    |C1_d_addr7_reg_3066                             |   30|   0|   32|          2|
    |C1_d_addr9_reg_2467                             |   30|   0|   32|          2|
    |C1_d_load_12_reg_2664                           |   32|   0|   32|          0|
    |C1_d_load_14_reg_2694                           |   32|   0|   32|          0|
    |C1_d_load_16_reg_2724                           |   32|   0|   32|          0|
    |C1_d_load_18_reg_2754                           |   32|   0|   32|          0|
    |C1_d_load_20_reg_2789                           |   32|   0|   32|          0|
    |C1_d_load_22_reg_2824                           |   32|   0|   32|          0|
    |C1_d_load_24_reg_2859                           |   32|   0|   32|          0|
    |C1_d_load_26_reg_2889                           |   32|   0|   32|          0|
    |C1_d_load_28_reg_2924                           |   32|   0|   32|          0|
    |C1_dbias_addr_reg_3071                          |    3|   0|    3|          0|
    |C1_dbias_load_reg_3089                          |   32|   0|   32|          0|
    |C1_dmapData_addr1_reg_2994                      |    6|   0|    6|          0|
    |C1_dmapData_addr3_reg_3007                      |   32|   0|   32|          0|
    |C1_dmapData_addr_reg_3025                       |    8|   0|    8|          0|
    |C1_dmapData_load_reg_3035                       |   32|   0|   32|          0|
    |ap_CS_fsm                                       |  144|   0|  144|          0|
    |ap_reg_ppiten_pp0_it0                           |    1|   0|    1|          0|
    |ap_reg_ppiten_pp0_it1                           |    1|   0|    1|          0|
    |ap_reg_ppstg_exitcond_flatten_reg_2388_pp0_it1  |    1|   0|    1|          0|
    |exitcond_flatten_reg_2388                       |    1|   0|    1|          0|
    |i_1_mid2_reg_2397                               |    3|   0|    3|          0|
    |i_1_reg_761                                     |    3|   0|    3|          0|
    |i_24_reg_3043                                   |    3|   0|    3|          0|
    |i_2_reg_805                                     |    3|   0|    3|          0|
    |i_3_reg_827                                     |    3|   0|    3|          0|
    |i_8_reg_2360                                    |    3|   0|    3|          0|
    |i_9_reg_3002                                    |    3|   0|    3|          0|
    |i_reg_728                                       |    3|   0|    3|          0|
    |indvar_flatten2_reg_750                         |   10|   0|   10|          0|
    |indvar_flatten_next2_reg_2392                   |   10|   0|   10|          0|
    |indvar_flatten_next_reg_2427                    |    8|   0|    8|          0|
    |indvar_flatten_reg_772                          |    8|   0|    8|          0|
    |inputimg_load_11_reg_2659                       |   32|   0|   32|          0|
    |inputimg_load_13_reg_2689                       |   32|   0|   32|          0|
    |inputimg_load_15_reg_2719                       |   32|   0|   32|          0|
    |inputimg_load_17_reg_2749                       |   32|   0|   32|          0|
    |inputimg_load_19_reg_2784                       |   32|   0|   32|          0|
    |inputimg_load_21_reg_2819                       |   32|   0|   32|          0|
    |inputimg_load_23_reg_2854                       |   32|   0|   32|          0|
    |inputimg_load_25_reg_2884                       |   32|   0|   32|          0|
    |inputimg_load_27_reg_2919                       |   32|   0|   32|          0|
    |j_1_cast8_cast_reg_2537                         |    3|   0|    4|          1|
    |j_1_cast8_reg_2646                              |    3|   0|    5|          2|
    |j_1_mid2_reg_2412                               |    3|   0|    3|          0|
    |j_1_reg_783                                     |    3|   0|    3|          0|
    |j_2_reg_816                                     |    3|   0|    3|          0|
    |j_3_reg_838                                     |    5|   0|    5|          0|
    |j_5_reg_3061                                    |    5|   0|    5|          0|
    |j_6_reg_3020                                    |    3|   0|    3|          0|
    |j_reg_739                                       |    3|   0|    3|          0|
    |k14_mid2_reg_2405                               |    5|   0|    5|          0|
    |k14_reg_794                                     |    5|   0|    5|          0|
    |k_18_reg_2512                                   |    5|   0|    5|          0|
    |k_1_reg_861                                     |    5|   0|    5|          0|
    |k_reg_3079                                      |    5|   0|    5|          0|
    |p_8_reg_2351                                    |    3|   0|    3|          0|
    |p_addr21_reg_3012                               |    6|   0|    6|          0|
    |p_addr23_reg_2365                               |    6|   0|    6|          0|
    |p_reg_716                                       |    3|   0|    3|          0|
    |p_shl96_cast1_reg_2370                          |    3|   0|    6|          3|
    |q_1_reg_872                                     |   32|   0|   32|          0|
    |q_reg_849                                       |   32|   0|   32|          0|
    |reg_1000                                        |   32|   0|   32|          0|
    |reg_1006                                        |   32|   0|   32|          0|
    |reg_1011                                        |   32|   0|   32|          0|
    |reg_1016                                        |   32|   0|   32|          0|
    |reg_1021                                        |   32|   0|   32|          0|
    |reg_899                                         |   32|   0|   32|          0|
    |reg_904                                         |   32|   0|   32|          0|
    |reg_910                                         |   32|   0|   32|          0|
    |reg_916                                         |   32|   0|   32|          0|
    |reg_922                                         |   32|   0|   32|          0|
    |reg_927                                         |   32|   0|   32|          0|
    |reg_932                                         |   32|   0|   32|          0|
    |reg_938                                         |   32|   0|   32|          0|
    |reg_944                                         |   32|   0|   32|          0|
    |reg_949                                         |   32|   0|   32|          0|
    |reg_954                                         |   32|   0|   32|          0|
    |reg_960                                         |   32|   0|   32|          0|
    |reg_966                                         |   32|   0|   32|          0|
    |reg_971                                         |   32|   0|   32|          0|
    |reg_977                                         |   32|   0|   32|          0|
    |reg_983                                         |   32|   0|   32|          0|
    |reg_989                                         |   32|   0|   32|          0|
    |reg_994                                         |   32|   0|   32|          0|
    |tmp_129_reg_3094                                |   32|   0|   32|          0|
    |tmp_130_reg_2432                                |    5|   0|    5|          0|
    |tmp_216_10_reg_2621                             |    4|   0|    4|          0|
    |tmp_216_9_reg_2586                              |    4|   0|    4|          0|
    |tmp_216_s_reg_2616                              |    4|   0|    4|          0|
    |tmp_219_10_reg_2929                             |   32|   0|   32|          0|
    |tmp_219_11_reg_2934                             |   32|   0|   32|          0|
    |tmp_219_13_reg_2939                             |   32|   0|   32|          0|
    |tmp_219_14_reg_2944                             |   32|   0|   32|          0|
    |tmp_219_15_reg_2949                             |   32|   0|   32|          0|
    |tmp_219_17_reg_2954                             |   32|   0|   32|          0|
    |tmp_219_18_reg_2959                             |   32|   0|   32|          0|
    |tmp_219_19_reg_2964                             |   32|   0|   32|          0|
    |tmp_219_21_reg_2969                             |   32|   0|   32|          0|
    |tmp_219_22_reg_2974                             |   32|   0|   32|          0|
    |tmp_219_23_reg_2979                             |   32|   0|   32|          0|
    |tmp_219_25_reg_2984                             |   32|   0|   32|          0|
    |tmp_219_26_reg_2989                             |   32|   0|   32|          0|
    |tmp_219_6_reg_2779                              |   32|   0|   32|          0|
    |tmp_219_7_reg_2814                              |   32|   0|   32|          0|
    |tmp_219_8_reg_2849                              |   32|   0|   32|          0|
    |tmp_219_s_reg_2914                              |   32|   0|   32|          0|
    |tmp_addr_4_reg_2591                             |    5|   0|    5|          0|
    |tmp_s_reg_3048                                  |    3|   0|   64|         61|
    +------------------------------------------------+-----+----+-----+-----------+
    |Total                                           | 2451|   0| 2526|         75|
    +------------------------------------------------+-----+----+-----+-----------+



================================================================
== Interface
================================================================
* Summary: 
+----------------------+-----+-----+------------+--------------------+--------------+
|       RTL Ports      | Dir | Bits|  Protocol  |    Source Object   |    C Type    |
+----------------------+-----+-----+------------+--------------------+--------------+
|ap_clk                |  in |    1| ap_ctrl_hs | dateport_update_C1 | return value |
|ap_rst                |  in |    1| ap_ctrl_hs | dateport_update_C1 | return value |
|ap_start              |  in |    1| ap_ctrl_hs | dateport_update_C1 | return value |
|ap_done               | out |    1| ap_ctrl_hs | dateport_update_C1 | return value |
|ap_idle               | out |    1| ap_ctrl_hs | dateport_update_C1 | return value |
|ap_ready              | out |    1| ap_ctrl_hs | dateport_update_C1 | return value |
|inputimg_address0     | out |   10|  ap_memory |      inputimg      |     array    |
|inputimg_ce0          | out |    1|  ap_memory |      inputimg      |     array    |
|inputimg_q0           |  in |   32|  ap_memory |      inputimg      |     array    |
|inputimg_address1     | out |   10|  ap_memory |      inputimg      |     array    |
|inputimg_ce1          | out |    1|  ap_memory |      inputimg      |     array    |
|inputimg_q1           |  in |   32|  ap_memory |      inputimg      |     array    |
|C1_d_address0         | out |   13|  ap_memory |        C1_d        |     array    |
|C1_d_ce0              | out |    1|  ap_memory |        C1_d        |     array    |
|C1_d_q0               |  in |   32|  ap_memory |        C1_d        |     array    |
|C1_d_address1         | out |   13|  ap_memory |        C1_d        |     array    |
|C1_d_ce1              | out |    1|  ap_memory |        C1_d        |     array    |
|C1_d_q1               |  in |   32|  ap_memory |        C1_d        |     array    |
|C1_dmapData_address0  | out |    8|  ap_memory |     C1_dmapData    |     array    |
|C1_dmapData_ce0       | out |    1|  ap_memory |     C1_dmapData    |     array    |
|C1_dmapData_we0       | out |    1|  ap_memory |     C1_dmapData    |     array    |
|C1_dmapData_d0        | out |   32|  ap_memory |     C1_dmapData    |     array    |
|C1_dmapData_q0        |  in |   32|  ap_memory |     C1_dmapData    |     array    |
|C1_dbias_address0     | out |    3|  ap_memory |      C1_dbias      |     array    |
|C1_dbias_ce0          | out |    1|  ap_memory |      C1_dbias      |     array    |
|C1_dbias_we0          | out |    1|  ap_memory |      C1_dbias      |     array    |
|C1_dbias_d0           | out |   32|  ap_memory |      C1_dbias      |     array    |
|C1_dbias_q0           |  in |   32|  ap_memory |      C1_dbias      |     array    |
+----------------------+-----+-----+------------+--------------------+--------------+

